2026-05-27 11:23:17,743 INFO __main__ Starting Ride Share Simulator
2026-05-27 11:23:17,743 INFO __main__ Input: data/input.json
2026-05-27 11:23:17,743 INFO __main__ Strategy: shortest
2026-05-27 11:23:17,743 INFO __main__ Output: output/results.json
2026-05-27 11:23:18,557 INFO __main__ Loaded 30 drivers and 70 rides from input
2026-05-27 11:23:18,557 INFO src.simulator Starting simulation: 70 rides
2026-05-27 11:23:18,571 INFO src.simulator Assigned ride ride_1 to driver driver_10 at timestamp 2025-01-01T08:00:00Z
2026-05-27 11:23:18,571 INFO src.simulator Assigned ride ride_2 to driver driver_24 at timestamp 2025-01-01T08:00:05Z
2026-05-27 11:23:18,572 INFO src.simulator Assigned ride ride_3 to driver driver_27 at timestamp 2025-01-01T08:00:12Z
2026-05-27 11:23:18,572 INFO src.simulator Assigned ride ride_4 to driver driver_28 at timestamp 2025-01-01T08:00:32Z
2026-05-27 11:23:18,572 INFO src.simulator Assigned ride ride_5 to driver driver_19 at timestamp 2025-01-01T08:00:43Z
2026-05-27 11:23:18,572 INFO src.simulator Assigned ride ride_6 to driver driver_12 at timestamp 2025-01-01T08:00:55Z
2026-05-27 11:23:18,572 INFO src.simulator Assigned ride ride_7 to driver driver_18 at timestamp 2025-01-01T08:01:01Z
2026-05-27 11:23:18,572 INFO src.simulator Assigned ride ride_8 to driver driver_16 at timestamp 2025-01-01T08:01:12Z
2026-05-27 11:23:18,572 INFO src.simulator Assigned ride ride_9 to driver driver_7 at timestamp 2025-01-01T08:01:30Z
2026-05-27 11:23:18,572 INFO src.simulator Assigned ride ride_10 to driver driver_23 at timestamp 2025-01-01T08:01:38Z
2026-05-27 11:23:18,572 INFO src.simulator Assigned ride ride_11 to driver driver_17 at timestamp 2025-01-01T08:01:47Z
2026-05-27 11:23:18,572 INFO src.simulator Assigned ride ride_13 to driver driver_3 at timestamp 2025-01-01T08:02:05Z
2026-05-27 11:23:18,572 INFO src.simulator Assigned ride ride_14 to driver driver_9 at timestamp 2025-01-01T08:02:22Z
2026-05-27 11:23:18,572 INFO src.simulator Assigned ride ride_15 to driver driver_15 at timestamp 2025-01-01T08:02:42Z
2026-05-27 11:23:18,572 INFO src.simulator Assigned ride ride_16 to driver driver_11 at timestamp 2025-01-01T08:02:48Z
2026-05-27 11:23:18,572 INFO src.simulator Assigned ride ride_17 to driver driver_1 at timestamp 2025-01-01T08:02:58Z
2026-05-27 11:23:18,572 INFO src.simulator Assigned ride ride_18 to driver driver_26 at timestamp 2025-01-01T08:03:04Z
2026-05-27 11:23:18,572 INFO src.simulator Assigned ride ride_22 to driver driver_21 at timestamp 2025-01-01T08:03:49Z
2026-05-27 11:23:18,572 INFO src.simulator Assigned ride ride_23 to driver driver_2 at timestamp 2025-01-01T08:03:57Z
2026-05-27 11:23:18,572 INFO src.simulator Assigned ride ride_24 to driver driver_14 at timestamp 2025-01-01T08:04:08Z
2026-05-27 11:23:18,572 INFO src.simulator Assigned ride ride_25 to driver driver_20 at timestamp 2025-01-01T08:04:14Z
2026-05-27 11:23:18,572 INFO src.simulator Assigned ride ride_27 to driver driver_8 at timestamp 2025-01-01T08:04:36Z
2026-05-27 11:23:18,572 INFO src.simulator Assigned ride ride_31 to driver driver_4 at timestamp 2025-01-01T08:05:22Z
2026-05-27 11:23:18,572 INFO src.simulator Assigned ride ride_34 to driver driver_5 at timestamp 2025-01-01T08:06:09Z
2026-05-27 11:23:18,572 INFO src.simulator Assigned ride ride_35 to driver driver_30 at timestamp 2025-01-01T08:06:17Z
2026-05-27 11:23:18,572 INFO src.simulator Assigned ride ride_38 to driver driver_10 at timestamp 2025-01-01T08:06:53Z
2026-05-27 11:23:18,572 INFO src.simulator Unassigned ride ride_12 after timeout at simulation time 2025-01-01T08:07:10Z
2026-05-27 11:23:18,572 INFO src.simulator Assigned ride ride_39 to driver driver_29 at timestamp 2025-01-01T08:07:10Z
2026-05-27 11:23:18,587 INFO src.simulator Assigned ride ride_41 to driver driver_25 at timestamp 2025-01-01T08:07:44Z
2026-05-27 11:23:18,587 INFO src.simulator Assigned ride ride_43 to driver driver_13 at timestamp 2025-01-01T08:08:05Z
2026-05-27 11:23:18,587 INFO src.simulator Unassigned ride ride_19 after timeout at simulation time 2025-01-01T08:08:24Z
2026-05-27 11:23:18,587 INFO src.simulator Assigned ride ride_45 to driver driver_19 at timestamp 2025-01-01T08:08:24Z
2026-05-27 11:23:18,587 INFO src.simulator Unassigned ride ride_20 after timeout at simulation time 2025-01-01T08:08:32Z
2026-05-27 11:23:18,587 INFO src.simulator Unassigned ride ride_21 after timeout at simulation time 2025-01-01T08:08:51Z
2026-05-27 11:23:18,587 INFO src.simulator Assigned ride ride_49 to driver driver_6 at timestamp 2025-01-01T08:09:23Z
2026-05-27 11:23:18,587 INFO src.simulator Unassigned ride ride_26 after timeout at simulation time 2025-01-01T08:09:32Z
2026-05-27 11:23:18,587 INFO src.simulator Unassigned ride ride_28 after timeout at simulation time 2025-01-01T08:09:51Z
2026-05-27 11:23:18,587 INFO src.simulator Unassigned ride ride_29 after timeout at simulation time 2025-01-01T08:10:08Z
2026-05-27 11:23:18,587 INFO src.simulator Unassigned ride ride_30 after timeout at simulation time 2025-01-01T08:10:20Z
2026-05-27 11:23:18,587 INFO src.simulator Unassigned ride ride_32 after timeout at simulation time 2025-01-01T08:10:54Z
2026-05-27 11:23:18,587 INFO src.simulator Unassigned ride ride_33 after timeout at simulation time 2025-01-01T08:11:01Z
2026-05-27 11:23:18,603 INFO src.simulator Assigned ride ride_59 to driver driver_22 at timestamp 2025-01-01T08:11:15Z
2026-05-27 11:23:18,603 INFO src.simulator Assigned ride ride_36 to driver driver_26 at timestamp 2025-01-01T08:11:35Z
2026-05-27 11:23:18,603 INFO src.simulator Unassigned ride ride_37 after timeout at simulation time 2025-01-01T08:11:40Z
2026-05-27 11:23:18,603 INFO src.simulator Unassigned ride ride_40 after timeout at simulation time 2025-01-01T08:12:30Z
2026-05-27 11:23:18,603 INFO src.simulator Unassigned ride ride_42 after timeout at simulation time 2025-01-01T08:13:15Z
2026-05-27 11:23:18,603 INFO src.simulator Unassigned ride ride_44 after timeout at simulation time 2025-01-01T08:13:28Z
2026-05-27 11:23:18,603 INFO src.simulator Unassigned ride ride_46 after timeout at simulation time 2025-01-01T08:13:46Z
2026-05-27 11:23:18,603 INFO src.simulator Unassigned ride ride_47 after timeout at simulation time 2025-01-01T08:13:53Z
2026-05-27 11:23:18,619 INFO src.simulator Assigned ride ride_48 to driver driver_27 at timestamp 2025-01-01T08:15:24Z
2026-05-27 11:23:18,619 INFO src.simulator Unassigned ride ride_50 after timeout at simulation time 2025-01-01T08:15:24Z
2026-05-27 11:23:18,619 INFO src.simulator Unassigned ride ride_51 after timeout at simulation time 2025-01-01T08:15:24Z
2026-05-27 11:23:18,620 INFO src.simulator Unassigned ride ride_52 after timeout at simulation time 2025-01-01T08:15:24Z
2026-05-27 11:23:18,620 INFO src.simulator Unassigned ride ride_53 after timeout at simulation time 2025-01-01T08:15:24Z
2026-05-27 11:23:18,620 INFO src.simulator Unassigned ride ride_54 after timeout at simulation time 2025-01-01T08:17:26Z
2026-05-27 11:23:18,620 INFO src.simulator Unassigned ride ride_55 after timeout at simulation time 2025-01-01T08:17:26Z
2026-05-27 11:23:18,620 INFO src.simulator Unassigned ride ride_56 after timeout at simulation time 2025-01-01T08:17:26Z
2026-05-27 11:23:18,620 INFO src.simulator Unassigned ride ride_57 after timeout at simulation time 2025-01-01T08:17:26Z
2026-05-27 11:23:18,620 INFO src.simulator Unassigned ride ride_58 after timeout at simulation time 2025-01-01T08:17:26Z
2026-05-27 11:23:18,620 INFO src.simulator Assigned ride ride_60 to driver driver_5 at timestamp 2025-01-01T08:17:26Z
2026-05-27 11:23:18,620 INFO src.simulator Unassigned ride ride_61 after timeout at simulation time 2025-01-01T08:17:26Z
2026-05-27 11:23:18,620 INFO src.simulator Unassigned ride ride_62 after timeout at simulation time 2025-01-01T08:17:26Z
2026-05-27 11:23:18,620 INFO src.simulator Unassigned ride ride_63 after timeout at simulation time 2025-01-01T08:17:26Z
2026-05-27 11:23:18,620 INFO src.simulator Unassigned ride ride_64 after timeout at simulation time 2025-01-01T08:19:38Z
2026-05-27 11:23:18,620 INFO src.simulator Unassigned ride ride_65 after timeout at simulation time 2025-01-01T08:19:38Z
2026-05-27 11:23:18,620 INFO src.simulator Unassigned ride ride_66 after timeout at simulation time 2025-01-01T08:19:38Z
2026-05-27 11:23:18,620 INFO src.simulator Assigned ride ride_67 to driver driver_12 at timestamp 2025-01-01T08:19:38Z
2026-05-27 11:23:18,620 INFO src.simulator Unassigned ride ride_68 after timeout at simulation time 2025-01-01T08:19:38Z
2026-05-27 11:23:18,620 INFO src.simulator Unassigned ride ride_69 after timeout at simulation time 2025-01-01T08:19:38Z
2026-05-27 11:23:18,620 INFO src.simulator Unassigned ride ride_70 after timeout at simulation time 2025-01-01T08:19:38Z
2026-05-27 11:23:18,620 INFO src.simulator Simulation finished: 36 assigned, 34 unassigned
2026-05-27 11:23:18,620 INFO __main__ Simulation complete. Results written to output/results.json
