2026-05-20 03:16:24,365 INFO __main__ Starting Ride Share Simulator
2026-05-20 03:16:24,365 INFO __main__ Input: data/input.json
2026-05-20 03:16:24,366 INFO __main__ Strategy: weighted
2026-05-20 03:16:24,366 INFO __main__ Output: output/results.json
2026-05-20 03:16:25,609 INFO src.simulator Starting simulation: 70 rides
2026-05-20 03:16:25,610 INFO src.simulator Assigned ride ride_1 to driver driver_26 at timestamp 2025-01-01T08:00:00Z
2026-05-20 03:16:25,610 INFO src.simulator Assigned ride ride_2 to driver driver_27 at timestamp 2025-01-01T08:00:05Z
2026-05-20 03:16:25,613 INFO src.simulator Assigned ride ride_3 to driver driver_24 at timestamp 2025-01-01T08:00:12Z
2026-05-20 03:16:25,614 INFO src.simulator Assigned ride ride_4 to driver driver_28 at timestamp 2025-01-01T08:00:32Z
2026-05-20 03:16:25,616 INFO src.simulator Assigned ride ride_5 to driver driver_19 at timestamp 2025-01-01T08:00:43Z
2026-05-20 03:16:25,618 INFO src.simulator Assigned ride ride_6 to driver driver_15 at timestamp 2025-01-01T08:00:55Z
2026-05-20 03:16:25,618 INFO src.simulator Assigned ride ride_7 to driver driver_18 at timestamp 2025-01-01T08:01:01Z
2026-05-20 03:16:25,619 INFO src.simulator Assigned ride ride_8 to driver driver_21 at timestamp 2025-01-01T08:01:12Z
2026-05-20 03:16:25,620 INFO src.simulator Assigned ride ride_9 to driver driver_1 at timestamp 2025-01-01T08:01:30Z
2026-05-20 03:16:25,620 INFO src.simulator Assigned ride ride_10 to driver driver_23 at timestamp 2025-01-01T08:01:38Z
2026-05-20 03:16:25,621 INFO src.simulator Assigned ride ride_11 to driver driver_9 at timestamp 2025-01-01T08:01:47Z
2026-05-20 03:16:25,621 INFO src.simulator Assigned ride ride_13 to driver driver_12 at timestamp 2025-01-01T08:02:05Z
2026-05-20 03:16:25,622 INFO src.simulator Assigned ride ride_14 to driver driver_14 at timestamp 2025-01-01T08:02:22Z
2026-05-20 03:16:25,623 INFO src.simulator Assigned ride ride_15 to driver driver_11 at timestamp 2025-01-01T08:02:42Z
2026-05-20 03:16:25,623 INFO src.simulator Assigned ride ride_16 to driver driver_3 at timestamp 2025-01-01T08:02:48Z
2026-05-20 03:16:25,624 INFO src.simulator Assigned ride ride_17 to driver driver_7 at timestamp 2025-01-01T08:02:58Z
2026-05-20 03:16:25,624 INFO src.simulator Assigned ride ride_18 to driver driver_16 at timestamp 2025-01-01T08:03:04Z
2026-05-20 03:16:25,626 INFO src.simulator Assigned ride ride_22 to driver driver_8 at timestamp 2025-01-01T08:03:49Z
2026-05-20 03:16:25,627 INFO src.simulator Assigned ride ride_23 to driver driver_2 at timestamp 2025-01-01T08:03:57Z
2026-05-20 03:16:25,628 INFO src.simulator Assigned ride ride_25 to driver driver_6 at timestamp 2025-01-01T08:04:14Z
2026-05-20 03:16:25,629 INFO src.simulator Assigned ride ride_27 to driver driver_29 at timestamp 2025-01-01T08:04:36Z
2026-05-20 03:16:25,633 INFO src.simulator Assigned ride ride_31 to driver driver_4 at timestamp 2025-01-01T08:05:22Z
2026-05-20 03:16:25,638 INFO src.simulator Assigned ride ride_34 to driver driver_5 at timestamp 2025-01-01T08:06:09Z
2026-05-20 03:16:25,639 INFO src.simulator Assigned ride ride_35 to driver driver_20 at timestamp 2025-01-01T08:06:17Z
2026-05-20 03:16:25,640 INFO src.simulator Assigned ride ride_37 to driver driver_17 at timestamp 2025-01-01T08:06:39Z
2026-05-20 03:16:25,642 INFO src.simulator Assigned ride ride_38 to driver driver_22 at timestamp 2025-01-01T08:06:53Z
2026-05-20 03:16:25,643 INFO src.simulator Assigned ride ride_39 to driver driver_25 at timestamp 2025-01-01T08:07:10Z
2026-05-20 03:16:25,646 INFO src.simulator Assigned ride ride_43 to driver driver_13 at timestamp 2025-01-01T08:08:05Z
2026-05-20 03:16:25,649 INFO src.simulator Assigned ride ride_45 to driver driver_30 at timestamp 2025-01-01T08:08:24Z
2026-05-20 03:16:25,657 INFO src.simulator Assigned ride ride_51 to driver driver_19 at timestamp 2025-01-01T08:09:51Z
2026-05-20 03:16:25,666 INFO src.simulator Assigned ride ride_59 to driver driver_26 at timestamp 2025-01-01T08:11:15Z
2026-05-20 03:16:25,670 INFO src.simulator Assigned ride ride_62 to driver driver_10 at timestamp 2025-01-01T08:11:54Z
2026-05-20 03:16:25,687 INFO src.simulator Assigned ride ride_48 to driver driver_24 at timestamp 2025-01-01T08:14:47Z
2026-05-20 03:16:25,689 INFO src.simulator Assigned ride ride_56 to driver driver_16 at timestamp 2025-01-01T08:16:29Z
2026-05-20 03:16:25,691 INFO src.simulator Assigned ride ride_67 to driver driver_15 at timestamp 2025-01-01T08:20:04Z
2026-05-20 03:16:25,692 INFO src.simulator Simulation finished: 35 assigned, 35 unassigned
2026-05-20 03:16:25,696 INFO __main__ Simulation complete. Results written to output/results.json
