2026-05-20 03:33:35,492 INFO __main__ Starting Ride Share Simulator
2026-05-20 03:33:35,495 INFO __main__ Input: data/manual_walkthrough_input.json
2026-05-20 03:33:35,496 INFO __main__ Strategy: weighted
2026-05-20 03:33:35,497 INFO __main__ Output: output/manual_walkthrough_results.json
2026-05-20 03:33:35,632 INFO __main__ Loaded 2 drivers and 5 rides from input
2026-05-20 03:33:35,632 DEBUG pygeohash.pygeohash.geohash Encoding coordinates: lat=32.085300, lon=34.781800 with precision 5
2026-05-20 03:33:35,633 DEBUG pygeohash.pygeohash.geohash Encoded to geohash: sv8wx
2026-05-20 03:33:35,634 DEBUG src.simulator Added driver d_private to availability index at geohash sv8wx
2026-05-20 03:33:35,634 DEBUG pygeohash.pygeohash.geohash Encoding coordinates: lat=32.085300, lon=34.781800 with precision 5
2026-05-20 03:33:35,634 DEBUG pygeohash.pygeohash.geohash Encoded to geohash: sv8wx
2026-05-20 03:33:35,635 DEBUG src.simulator Added driver d_suv to availability index at geohash sv8wx
2026-05-20 03:33:35,635 INFO src.simulator Starting simulation: 5 rides
2026-05-20 03:33:35,637 DEBUG pygeohash.pygeohash.geohash Encoding coordinates: lat=32.085300, lon=34.781800 with precision 5
2026-05-20 03:33:35,637 DEBUG pygeohash.pygeohash.geohash Encoded to geohash: sv8wx
2026-05-20 03:33:35,637 DEBUG pygeohash.pygeohash.neighbor Finding adjacent geohash for sv8wx in direction right
2026-05-20 03:33:35,638 DEBUG pygeohash.pygeohash.neighbor Processing: base=sv8w, last_char=x
2026-05-20 03:33:35,638 DEBUG pygeohash.pygeohash.neighbor Using odd lookup tables based on hash length
2026-05-20 03:33:35,638 DEBUG pygeohash.pygeohash.neighbor Last character x is on border, recursively finding parent neighbor
2026-05-20 03:33:35,639 DEBUG pygeohash.pygeohash.neighbor Finding adjacent geohash for sv8w in direction right
2026-05-20 03:33:35,639 DEBUG pygeohash.pygeohash.neighbor Processing: base=sv8, last_char=w
2026-05-20 03:33:35,639 DEBUG pygeohash.pygeohash.neighbor Using even lookup tables based on hash length
2026-05-20 03:33:35,640 DEBUG pygeohash.pygeohash.neighbor Last character w is not on border, using direct neighbor lookup
2026-05-20 03:33:35,640 DEBUG pygeohash.pygeohash.neighbor Found adjacent geohash: sv8y
2026-05-20 03:33:35,640 DEBUG pygeohash.pygeohash.neighbor Found adjacent geohash: sv8y8
2026-05-20 03:33:35,641 DEBUG pygeohash.pygeohash.neighbor Finding adjacent geohash for sv8wx in direction left
2026-05-20 03:33:35,641 DEBUG pygeohash.pygeohash.neighbor Processing: base=sv8w, last_char=x
2026-05-20 03:33:35,641 DEBUG pygeohash.pygeohash.neighbor Using odd lookup tables based on hash length
2026-05-20 03:33:35,642 DEBUG pygeohash.pygeohash.neighbor Last character x is not on border, using direct neighbor lookup
2026-05-20 03:33:35,642 DEBUG pygeohash.pygeohash.neighbor Found adjacent geohash: sv8ww
2026-05-20 03:33:35,644 DEBUG pygeohash.pygeohash.neighbor Finding adjacent geohash for sv8wx in direction top
2026-05-20 03:33:35,644 DEBUG pygeohash.pygeohash.neighbor Processing: base=sv8w, last_char=x
2026-05-20 03:33:35,646 DEBUG pygeohash.pygeohash.neighbor Using odd lookup tables based on hash length
2026-05-20 03:33:35,647 DEBUG pygeohash.pygeohash.neighbor Last character x is not on border, using direct neighbor lookup
2026-05-20 03:33:35,647 DEBUG pygeohash.pygeohash.neighbor Found adjacent geohash: sv8wz
2026-05-20 03:33:35,648 DEBUG pygeohash.pygeohash.neighbor Finding adjacent geohash for sv8wx in direction bottom
2026-05-20 03:33:35,649 DEBUG pygeohash.pygeohash.neighbor Processing: base=sv8w, last_char=x
2026-05-20 03:33:35,650 DEBUG pygeohash.pygeohash.neighbor Using odd lookup tables based on hash length
2026-05-20 03:33:35,656 DEBUG pygeohash.pygeohash.neighbor Last character x is not on border, using direct neighbor lookup
2026-05-20 03:33:35,656 DEBUG pygeohash.pygeohash.neighbor Found adjacent geohash: sv8wr
2026-05-20 03:33:35,657 DEBUG pygeohash.pygeohash.neighbor Finding adjacent geohash for sv8wz in direction right
2026-05-20 03:33:35,657 DEBUG pygeohash.pygeohash.neighbor Processing: base=sv8w, last_char=z
2026-05-20 03:33:35,658 DEBUG pygeohash.pygeohash.neighbor Using odd lookup tables based on hash length
2026-05-20 03:33:35,658 DEBUG pygeohash.pygeohash.neighbor Last character z is on border, recursively finding parent neighbor
2026-05-20 03:33:35,659 DEBUG pygeohash.pygeohash.neighbor Finding adjacent geohash for sv8w in direction right
2026-05-20 03:33:35,659 DEBUG pygeohash.pygeohash.neighbor Processing: base=sv8, last_char=w
2026-05-20 03:33:35,659 DEBUG pygeohash.pygeohash.neighbor Using even lookup tables based on hash length
2026-05-20 03:33:35,660 DEBUG pygeohash.pygeohash.neighbor Last character w is not on border, using direct neighbor lookup
2026-05-20 03:33:35,660 DEBUG pygeohash.pygeohash.neighbor Found adjacent geohash: sv8y
2026-05-20 03:33:35,660 DEBUG pygeohash.pygeohash.neighbor Found adjacent geohash: sv8yb
2026-05-20 03:33:35,660 DEBUG pygeohash.pygeohash.neighbor Finding adjacent geohash for sv8wz in direction left
2026-05-20 03:33:35,661 DEBUG pygeohash.pygeohash.neighbor Processing: base=sv8w, last_char=z
2026-05-20 03:33:35,661 DEBUG pygeohash.pygeohash.neighbor Using odd lookup tables based on hash length
2026-05-20 03:33:35,661 DEBUG pygeohash.pygeohash.neighbor Last character z is not on border, using direct neighbor lookup
2026-05-20 03:33:35,661 DEBUG pygeohash.pygeohash.neighbor Found adjacent geohash: sv8wy
2026-05-20 03:33:35,662 DEBUG pygeohash.pygeohash.neighbor Finding adjacent geohash for sv8wr in direction right
2026-05-20 03:33:35,662 DEBUG pygeohash.pygeohash.neighbor Processing: base=sv8w, last_char=r
2026-05-20 03:33:35,662 DEBUG pygeohash.pygeohash.neighbor Using odd lookup tables based on hash length
2026-05-20 03:33:35,662 DEBUG pygeohash.pygeohash.neighbor Last character r is on border, recursively finding parent neighbor
2026-05-20 03:33:35,663 DEBUG pygeohash.pygeohash.neighbor Finding adjacent geohash for sv8w in direction right
2026-05-20 03:33:35,663 DEBUG pygeohash.pygeohash.neighbor Processing: base=sv8, last_char=w
2026-05-20 03:33:35,663 DEBUG pygeohash.pygeohash.neighbor Using even lookup tables based on hash length
2026-05-20 03:33:35,663 DEBUG pygeohash.pygeohash.neighbor Last character w is not on border, using direct neighbor lookup
2026-05-20 03:33:35,663 DEBUG pygeohash.pygeohash.neighbor Found adjacent geohash: sv8y
2026-05-20 03:33:35,664 DEBUG pygeohash.pygeohash.neighbor Found adjacent geohash: sv8y2
2026-05-20 03:33:35,664 DEBUG pygeohash.pygeohash.neighbor Finding adjacent geohash for sv8wr in direction left
2026-05-20 03:33:35,664 DEBUG pygeohash.pygeohash.neighbor Processing: base=sv8w, last_char=r
2026-05-20 03:33:35,665 DEBUG pygeohash.pygeohash.neighbor Using odd lookup tables based on hash length
2026-05-20 03:33:35,665 DEBUG pygeohash.pygeohash.neighbor Last character r is not on border, using direct neighbor lookup
2026-05-20 03:33:35,665 DEBUG pygeohash.pygeohash.neighbor Found adjacent geohash: sv8wq
2026-05-20 03:33:35,665 DEBUG src.simulator Found 1 candidate drivers near geohash sv8wx (required_vehicle=suv)
2026-05-20 03:33:35,666 INFO src.simulator Assigned ride r3_suv_long to driver d_suv at timestamp 2025-01-01T08:00:00Z
2026-05-20 03:33:35,666 DEBUG pygeohash.pygeohash.geohash Encoding coordinates: lat=32.085300, lon=34.781800 with precision 5
2026-05-20 03:33:35,667 DEBUG pygeohash.pygeohash.geohash Encoded to geohash: sv8wx
2026-05-20 03:33:35,667 DEBUG src.simulator Pickup travel: ride=r3_suv_long driver=d_suv minutes=0.00
2026-05-20 03:33:35,668 DEBUG pygeohash.pygeohash.geohash Encoding coordinates: lat=32.085300, lon=34.781800 with precision 5
2026-05-20 03:33:35,668 DEBUG pygeohash.pygeohash.geohash Encoded to geohash: sv8wx
2026-05-20 03:33:35,668 DEBUG pygeohash.pygeohash.neighbor Finding adjacent geohash for sv8wx in direction right
2026-05-20 03:33:35,668 DEBUG pygeohash.pygeohash.neighbor Processing: base=sv8w, last_char=x
2026-05-20 03:33:35,669 DEBUG pygeohash.pygeohash.neighbor Using odd lookup tables based on hash length
2026-05-20 03:33:35,669 DEBUG pygeohash.pygeohash.neighbor Last character x is on border, recursively finding parent neighbor
2026-05-20 03:33:35,671 DEBUG pygeohash.pygeohash.neighbor Finding adjacent geohash for sv8w in direction right
2026-05-20 03:33:35,672 DEBUG pygeohash.pygeohash.neighbor Processing: base=sv8, last_char=w
2026-05-20 03:33:35,672 DEBUG pygeohash.pygeohash.neighbor Using even lookup tables based on hash length
2026-05-20 03:33:35,673 DEBUG pygeohash.pygeohash.neighbor Last character w is not on border, using direct neighbor lookup
2026-05-20 03:33:35,673 DEBUG pygeohash.pygeohash.neighbor Found adjacent geohash: sv8y
2026-05-20 03:33:35,673 DEBUG pygeohash.pygeohash.neighbor Found adjacent geohash: sv8y8
2026-05-20 03:33:35,674 DEBUG pygeohash.pygeohash.neighbor Finding adjacent geohash for sv8wx in direction left
2026-05-20 03:33:35,674 DEBUG pygeohash.pygeohash.neighbor Processing: base=sv8w, last_char=x
2026-05-20 03:33:35,674 DEBUG pygeohash.pygeohash.neighbor Using odd lookup tables based on hash length
2026-05-20 03:33:35,674 DEBUG pygeohash.pygeohash.neighbor Last character x is not on border, using direct neighbor lookup
2026-05-20 03:33:35,675 DEBUG pygeohash.pygeohash.neighbor Found adjacent geohash: sv8ww
2026-05-20 03:33:35,675 DEBUG pygeohash.pygeohash.neighbor Finding adjacent geohash for sv8wx in direction top
2026-05-20 03:33:35,675 DEBUG pygeohash.pygeohash.neighbor Processing: base=sv8w, last_char=x
2026-05-20 03:33:35,677 DEBUG pygeohash.pygeohash.neighbor Using odd lookup tables based on hash length
2026-05-20 03:33:35,677 DEBUG pygeohash.pygeohash.neighbor Last character x is not on border, using direct neighbor lookup
2026-05-20 03:33:35,678 DEBUG pygeohash.pygeohash.neighbor Found adjacent geohash: sv8wz
2026-05-20 03:33:35,678 DEBUG pygeohash.pygeohash.neighbor Finding adjacent geohash for sv8wx in direction bottom
2026-05-20 03:33:35,679 DEBUG pygeohash.pygeohash.neighbor Processing: base=sv8w, last_char=x
2026-05-20 03:33:35,680 DEBUG pygeohash.pygeohash.neighbor Using odd lookup tables based on hash length
2026-05-20 03:33:35,680 DEBUG pygeohash.pygeohash.neighbor Last character x is not on border, using direct neighbor lookup
2026-05-20 03:33:35,683 DEBUG pygeohash.pygeohash.neighbor Found adjacent geohash: sv8wr
2026-05-20 03:33:35,683 DEBUG pygeohash.pygeohash.neighbor Finding adjacent geohash for sv8wz in direction right
2026-05-20 03:33:35,684 DEBUG pygeohash.pygeohash.neighbor Processing: base=sv8w, last_char=z
2026-05-20 03:33:35,684 DEBUG pygeohash.pygeohash.neighbor Using odd lookup tables based on hash length
2026-05-20 03:33:35,684 DEBUG pygeohash.pygeohash.neighbor Last character z is on border, recursively finding parent neighbor
2026-05-20 03:33:35,685 DEBUG pygeohash.pygeohash.neighbor Finding adjacent geohash for sv8w in direction right
2026-05-20 03:33:35,685 DEBUG pygeohash.pygeohash.neighbor Processing: base=sv8, last_char=w
2026-05-20 03:33:35,685 DEBUG pygeohash.pygeohash.neighbor Using even lookup tables based on hash length
2026-05-20 03:33:35,687 DEBUG pygeohash.pygeohash.neighbor Last character w is not on border, using direct neighbor lookup
2026-05-20 03:33:35,688 DEBUG pygeohash.pygeohash.neighbor Found adjacent geohash: sv8y
2026-05-20 03:33:35,689 DEBUG pygeohash.pygeohash.neighbor Found adjacent geohash: sv8yb
2026-05-20 03:33:35,689 DEBUG pygeohash.pygeohash.neighbor Finding adjacent geohash for sv8wz in direction left
2026-05-20 03:33:35,690 DEBUG pygeohash.pygeohash.neighbor Processing: base=sv8w, last_char=z
2026-05-20 03:33:35,690 DEBUG pygeohash.pygeohash.neighbor Using odd lookup tables based on hash length
2026-05-20 03:33:35,691 DEBUG pygeohash.pygeohash.neighbor Last character z is not on border, using direct neighbor lookup
2026-05-20 03:33:35,692 DEBUG pygeohash.pygeohash.neighbor Found adjacent geohash: sv8wy
2026-05-20 03:33:35,692 DEBUG pygeohash.pygeohash.neighbor Finding adjacent geohash for sv8wr in direction right
2026-05-20 03:33:35,692 DEBUG pygeohash.pygeohash.neighbor Processing: base=sv8w, last_char=r
2026-05-20 03:33:35,693 DEBUG pygeohash.pygeohash.neighbor Using odd lookup tables based on hash length
2026-05-20 03:33:35,693 DEBUG pygeohash.pygeohash.neighbor Last character r is on border, recursively finding parent neighbor
2026-05-20 03:33:35,693 DEBUG pygeohash.pygeohash.neighbor Finding adjacent geohash for sv8w in direction right
2026-05-20 03:33:35,695 DEBUG pygeohash.pygeohash.neighbor Processing: base=sv8, last_char=w
2026-05-20 03:33:35,696 DEBUG pygeohash.pygeohash.neighbor Using even lookup tables based on hash length
2026-05-20 03:33:35,696 DEBUG pygeohash.pygeohash.neighbor Last character w is not on border, using direct neighbor lookup
2026-05-20 03:33:35,696 DEBUG pygeohash.pygeohash.neighbor Found adjacent geohash: sv8y
2026-05-20 03:33:35,697 DEBUG pygeohash.pygeohash.neighbor Found adjacent geohash: sv8y2
2026-05-20 03:33:35,697 DEBUG pygeohash.pygeohash.neighbor Finding adjacent geohash for sv8wr in direction left
2026-05-20 03:33:35,698 DEBUG pygeohash.pygeohash.neighbor Processing: base=sv8w, last_char=r
2026-05-20 03:33:35,698 DEBUG pygeohash.pygeohash.neighbor Using odd lookup tables based on hash length
2026-05-20 03:33:35,699 DEBUG pygeohash.pygeohash.neighbor Last character r is not on border, using direct neighbor lookup
2026-05-20 03:33:35,699 DEBUG pygeohash.pygeohash.neighbor Found adjacent geohash: sv8wq
2026-05-20 03:33:35,700 DEBUG src.simulator Found 1 candidate drivers near geohash sv8wx (required_vehicle=private)
2026-05-20 03:33:35,700 INFO src.simulator Assigned ride r1_private_long to driver d_private at timestamp 2025-01-01T08:00:00Z
2026-05-20 03:33:35,700 DEBUG pygeohash.pygeohash.geohash Encoding coordinates: lat=32.085300, lon=34.781800 with precision 5
2026-05-20 03:33:35,701 DEBUG pygeohash.pygeohash.geohash Encoded to geohash: sv8wx
2026-05-20 03:33:35,701 DEBUG src.simulator Pickup travel: ride=r1_private_long driver=d_private minutes=0.00
2026-05-20 03:33:35,702 DEBUG pygeohash.pygeohash.geohash Encoding coordinates: lat=32.085300, lon=34.781800 with precision 5
2026-05-20 03:33:35,702 DEBUG pygeohash.pygeohash.geohash Encoded to geohash: sv8wx
2026-05-20 03:33:35,706 DEBUG pygeohash.pygeohash.neighbor Finding adjacent geohash for sv8wx in direction right
2026-05-20 03:33:35,707 DEBUG pygeohash.pygeohash.neighbor Processing: base=sv8w, last_char=x
2026-05-20 03:33:35,707 DEBUG pygeohash.pygeohash.neighbor Using odd lookup tables based on hash length
2026-05-20 03:33:35,708 DEBUG pygeohash.pygeohash.neighbor Last character x is on border, recursively finding parent neighbor
2026-05-20 03:33:35,708 DEBUG pygeohash.pygeohash.neighbor Finding adjacent geohash for sv8w in direction right
2026-05-20 03:33:35,709 DEBUG pygeohash.pygeohash.neighbor Processing: base=sv8, last_char=w
2026-05-20 03:33:35,709 DEBUG pygeohash.pygeohash.neighbor Using even lookup tables based on hash length
2026-05-20 03:33:35,709 DEBUG pygeohash.pygeohash.neighbor Last character w is not on border, using direct neighbor lookup
2026-05-20 03:33:35,710 DEBUG pygeohash.pygeohash.neighbor Found adjacent geohash: sv8y
2026-05-20 03:33:35,710 DEBUG pygeohash.pygeohash.neighbor Found adjacent geohash: sv8y8
2026-05-20 03:33:35,710 DEBUG pygeohash.pygeohash.neighbor Finding adjacent geohash for sv8wx in direction left
2026-05-20 03:33:35,712 DEBUG pygeohash.pygeohash.neighbor Processing: base=sv8w, last_char=x
2026-05-20 03:33:35,713 DEBUG pygeohash.pygeohash.neighbor Using odd lookup tables based on hash length
2026-05-20 03:33:35,713 DEBUG pygeohash.pygeohash.neighbor Last character x is not on border, using direct neighbor lookup
2026-05-20 03:33:35,713 DEBUG pygeohash.pygeohash.neighbor Found adjacent geohash: sv8ww
2026-05-20 03:33:35,714 DEBUG pygeohash.pygeohash.neighbor Finding adjacent geohash for sv8wx in direction top
2026-05-20 03:33:35,715 DEBUG pygeohash.pygeohash.neighbor Processing: base=sv8w, last_char=x
2026-05-20 03:33:35,715 DEBUG pygeohash.pygeohash.neighbor Using odd lookup tables based on hash length
2026-05-20 03:33:35,715 DEBUG pygeohash.pygeohash.neighbor Last character x is not on border, using direct neighbor lookup
2026-05-20 03:33:35,716 DEBUG pygeohash.pygeohash.neighbor Found adjacent geohash: sv8wz
2026-05-20 03:33:35,716 DEBUG pygeohash.pygeohash.neighbor Finding adjacent geohash for sv8wx in direction bottom
2026-05-20 03:33:35,717 DEBUG pygeohash.pygeohash.neighbor Processing: base=sv8w, last_char=x
2026-05-20 03:33:35,717 DEBUG pygeohash.pygeohash.neighbor Using odd lookup tables based on hash length
2026-05-20 03:33:35,718 DEBUG pygeohash.pygeohash.neighbor Last character x is not on border, using direct neighbor lookup
2026-05-20 03:33:35,719 DEBUG pygeohash.pygeohash.neighbor Found adjacent geohash: sv8wr
2026-05-20 03:33:35,720 DEBUG pygeohash.pygeohash.neighbor Finding adjacent geohash for sv8wz in direction right
2026-05-20 03:33:35,720 DEBUG pygeohash.pygeohash.neighbor Processing: base=sv8w, last_char=z
2026-05-20 03:33:35,721 DEBUG pygeohash.pygeohash.neighbor Using odd lookup tables based on hash length
2026-05-20 03:33:35,721 DEBUG pygeohash.pygeohash.neighbor Last character z is on border, recursively finding parent neighbor
2026-05-20 03:33:35,721 DEBUG pygeohash.pygeohash.neighbor Finding adjacent geohash for sv8w in direction right
2026-05-20 03:33:35,722 DEBUG pygeohash.pygeohash.neighbor Processing: base=sv8, last_char=w
2026-05-20 03:33:35,722 DEBUG pygeohash.pygeohash.neighbor Using even lookup tables based on hash length
2026-05-20 03:33:35,723 DEBUG pygeohash.pygeohash.neighbor Last character w is not on border, using direct neighbor lookup
2026-05-20 03:33:35,723 DEBUG pygeohash.pygeohash.neighbor Found adjacent geohash: sv8y
2026-05-20 03:33:35,723 DEBUG pygeohash.pygeohash.neighbor Found adjacent geohash: sv8yb
2026-05-20 03:33:35,724 DEBUG pygeohash.pygeohash.neighbor Finding adjacent geohash for sv8wz in direction left
2026-05-20 03:33:35,724 DEBUG pygeohash.pygeohash.neighbor Processing: base=sv8w, last_char=z
2026-05-20 03:33:35,725 DEBUG pygeohash.pygeohash.neighbor Using odd lookup tables based on hash length
2026-05-20 03:33:35,725 DEBUG pygeohash.pygeohash.neighbor Last character z is not on border, using direct neighbor lookup
2026-05-20 03:33:35,726 DEBUG pygeohash.pygeohash.neighbor Found adjacent geohash: sv8wy
2026-05-20 03:33:35,729 DEBUG pygeohash.pygeohash.neighbor Finding adjacent geohash for sv8wr in direction right
2026-05-20 03:33:35,731 DEBUG pygeohash.pygeohash.neighbor Processing: base=sv8w, last_char=r
2026-05-20 03:33:35,732 DEBUG pygeohash.pygeohash.neighbor Using odd lookup tables based on hash length
2026-05-20 03:33:35,733 DEBUG pygeohash.pygeohash.neighbor Last character r is on border, recursively finding parent neighbor
2026-05-20 03:33:35,734 DEBUG pygeohash.pygeohash.neighbor Finding adjacent geohash for sv8w in direction right
2026-05-20 03:33:35,734 DEBUG pygeohash.pygeohash.neighbor Processing: base=sv8, last_char=w
2026-05-20 03:33:35,735 DEBUG pygeohash.pygeohash.neighbor Using even lookup tables based on hash length
2026-05-20 03:33:35,735 DEBUG pygeohash.pygeohash.neighbor Last character w is not on border, using direct neighbor lookup
2026-05-20 03:33:35,736 DEBUG pygeohash.pygeohash.neighbor Found adjacent geohash: sv8y
2026-05-20 03:33:35,737 DEBUG pygeohash.pygeohash.neighbor Found adjacent geohash: sv8y2
2026-05-20 03:33:35,738 DEBUG pygeohash.pygeohash.neighbor Finding adjacent geohash for sv8wr in direction left
2026-05-20 03:33:35,738 DEBUG pygeohash.pygeohash.neighbor Processing: base=sv8w, last_char=r
2026-05-20 03:33:35,738 DEBUG pygeohash.pygeohash.neighbor Using odd lookup tables based on hash length
2026-05-20 03:33:35,739 DEBUG pygeohash.pygeohash.neighbor Last character r is not on border, using direct neighbor lookup
2026-05-20 03:33:35,739 DEBUG pygeohash.pygeohash.neighbor Found adjacent geohash: sv8wq
2026-05-20 03:33:35,739 DEBUG src.simulator Found 0 candidate drivers near geohash sv8wx (required_vehicle=private)
2026-05-20 03:33:35,740 DEBUG src.simulator Queued arriving ride r2_private_collision at 2025-01-01T08:00:00Z (pending_queue_size=1)
2026-05-20 03:33:35,740 DEBUG pygeohash.pygeohash.geohash Encoding coordinates: lat=32.085300, lon=34.781800 with precision 5
2026-05-20 03:33:35,740 DEBUG pygeohash.pygeohash.geohash Encoded to geohash: sv8wx
2026-05-20 03:33:35,741 DEBUG pygeohash.pygeohash.neighbor Finding adjacent geohash for sv8wx in direction right
2026-05-20 03:33:35,743 DEBUG pygeohash.pygeohash.neighbor Processing: base=sv8w, last_char=x
2026-05-20 03:33:35,744 DEBUG pygeohash.pygeohash.neighbor Using odd lookup tables based on hash length
2026-05-20 03:33:35,745 DEBUG pygeohash.pygeohash.neighbor Last character x is on border, recursively finding parent neighbor
2026-05-20 03:33:35,746 DEBUG pygeohash.pygeohash.neighbor Finding adjacent geohash for sv8w in direction right
2026-05-20 03:33:35,748 DEBUG pygeohash.pygeohash.neighbor Processing: base=sv8, last_char=w
2026-05-20 03:33:35,749 DEBUG pygeohash.pygeohash.neighbor Using even lookup tables based on hash length
2026-05-20 03:33:35,749 DEBUG pygeohash.pygeohash.neighbor Last character w is not on border, using direct neighbor lookup
2026-05-20 03:33:35,750 DEBUG pygeohash.pygeohash.neighbor Found adjacent geohash: sv8y
2026-05-20 03:33:35,750 DEBUG pygeohash.pygeohash.neighbor Found adjacent geohash: sv8y8
2026-05-20 03:33:35,751 DEBUG pygeohash.pygeohash.neighbor Finding adjacent geohash for sv8wx in direction left
2026-05-20 03:33:35,751 DEBUG pygeohash.pygeohash.neighbor Processing: base=sv8w, last_char=x
2026-05-20 03:33:35,751 DEBUG pygeohash.pygeohash.neighbor Using odd lookup tables based on hash length
2026-05-20 03:33:35,752 DEBUG pygeohash.pygeohash.neighbor Last character x is not on border, using direct neighbor lookup
2026-05-20 03:33:35,754 DEBUG pygeohash.pygeohash.neighbor Found adjacent geohash: sv8ww
2026-05-20 03:33:35,755 DEBUG pygeohash.pygeohash.neighbor Finding adjacent geohash for sv8wx in direction top
2026-05-20 03:33:35,755 DEBUG pygeohash.pygeohash.neighbor Processing: base=sv8w, last_char=x
2026-05-20 03:33:35,756 DEBUG pygeohash.pygeohash.neighbor Using odd lookup tables based on hash length
2026-05-20 03:33:35,757 DEBUG pygeohash.pygeohash.neighbor Last character x is not on border, using direct neighbor lookup
2026-05-20 03:33:35,757 DEBUG pygeohash.pygeohash.neighbor Found adjacent geohash: sv8wz
2026-05-20 03:33:35,757 DEBUG pygeohash.pygeohash.neighbor Finding adjacent geohash for sv8wx in direction bottom
2026-05-20 03:33:35,758 DEBUG pygeohash.pygeohash.neighbor Processing: base=sv8w, last_char=x
2026-05-20 03:33:35,758 DEBUG pygeohash.pygeohash.neighbor Using odd lookup tables based on hash length
2026-05-20 03:33:35,758 DEBUG pygeohash.pygeohash.neighbor Last character x is not on border, using direct neighbor lookup
2026-05-20 03:33:35,761 DEBUG pygeohash.pygeohash.neighbor Found adjacent geohash: sv8wr
2026-05-20 03:33:35,761 DEBUG pygeohash.pygeohash.neighbor Finding adjacent geohash for sv8wz in direction right
2026-05-20 03:33:35,762 DEBUG pygeohash.pygeohash.neighbor Processing: base=sv8w, last_char=z
2026-05-20 03:33:35,763 DEBUG pygeohash.pygeohash.neighbor Using odd lookup tables based on hash length
2026-05-20 03:33:35,763 DEBUG pygeohash.pygeohash.neighbor Last character z is on border, recursively finding parent neighbor
2026-05-20 03:33:35,765 DEBUG pygeohash.pygeohash.neighbor Finding adjacent geohash for sv8w in direction right
2026-05-20 03:33:35,766 DEBUG pygeohash.pygeohash.neighbor Processing: base=sv8, last_char=w
2026-05-20 03:33:35,766 DEBUG pygeohash.pygeohash.neighbor Using even lookup tables based on hash length
2026-05-20 03:33:35,767 DEBUG pygeohash.pygeohash.neighbor Last character w is not on border, using direct neighbor lookup
2026-05-20 03:33:35,767 DEBUG pygeohash.pygeohash.neighbor Found adjacent geohash: sv8y
2026-05-20 03:33:35,767 DEBUG pygeohash.pygeohash.neighbor Found adjacent geohash: sv8yb
2026-05-20 03:33:35,768 DEBUG pygeohash.pygeohash.neighbor Finding adjacent geohash for sv8wz in direction left
2026-05-20 03:33:35,768 DEBUG pygeohash.pygeohash.neighbor Processing: base=sv8w, last_char=z
2026-05-20 03:33:35,768 DEBUG pygeohash.pygeohash.neighbor Using odd lookup tables based on hash length
2026-05-20 03:33:35,770 DEBUG pygeohash.pygeohash.neighbor Last character z is not on border, using direct neighbor lookup
2026-05-20 03:33:35,771 DEBUG pygeohash.pygeohash.neighbor Found adjacent geohash: sv8wy
2026-05-20 03:33:35,771 DEBUG pygeohash.pygeohash.neighbor Finding adjacent geohash for sv8wr in direction right
2026-05-20 03:33:35,772 DEBUG pygeohash.pygeohash.neighbor Processing: base=sv8w, last_char=r
2026-05-20 03:33:35,772 DEBUG pygeohash.pygeohash.neighbor Using odd lookup tables based on hash length
2026-05-20 03:33:35,773 DEBUG pygeohash.pygeohash.neighbor Last character r is on border, recursively finding parent neighbor
2026-05-20 03:33:35,773 DEBUG pygeohash.pygeohash.neighbor Finding adjacent geohash for sv8w in direction right
2026-05-20 03:33:35,773 DEBUG pygeohash.pygeohash.neighbor Processing: base=sv8, last_char=w
2026-05-20 03:33:35,774 DEBUG pygeohash.pygeohash.neighbor Using even lookup tables based on hash length
2026-05-20 03:33:35,774 DEBUG pygeohash.pygeohash.neighbor Last character w is not on border, using direct neighbor lookup
2026-05-20 03:33:35,774 DEBUG pygeohash.pygeohash.neighbor Found adjacent geohash: sv8y
2026-05-20 03:33:35,775 DEBUG pygeohash.pygeohash.neighbor Found adjacent geohash: sv8y2
2026-05-20 03:33:35,775 DEBUG pygeohash.pygeohash.neighbor Finding adjacent geohash for sv8wr in direction left
2026-05-20 03:33:35,775 DEBUG pygeohash.pygeohash.neighbor Processing: base=sv8w, last_char=r
2026-05-20 03:33:35,778 DEBUG pygeohash.pygeohash.neighbor Using odd lookup tables based on hash length
2026-05-20 03:33:35,779 DEBUG pygeohash.pygeohash.neighbor Last character r is not on border, using direct neighbor lookup
2026-05-20 03:33:35,781 DEBUG pygeohash.pygeohash.neighbor Found adjacent geohash: sv8wq
2026-05-20 03:33:35,782 DEBUG src.simulator Found 0 candidate drivers near geohash sv8wx (required_vehicle=private)
2026-05-20 03:33:35,783 DEBUG pygeohash.pygeohash.geohash Encoding coordinates: lat=32.285300, lon=34.781800 with precision 5
2026-05-20 03:33:35,784 DEBUG pygeohash.pygeohash.geohash Encoded to geohash: sv8xx
2026-05-20 03:33:35,784 DEBUG pygeohash.pygeohash.neighbor Finding adjacent geohash for sv8xx in direction right
2026-05-20 03:33:35,784 DEBUG pygeohash.pygeohash.neighbor Processing: base=sv8x, last_char=x
2026-05-20 03:33:35,785 DEBUG pygeohash.pygeohash.neighbor Using odd lookup tables based on hash length
2026-05-20 03:33:35,785 DEBUG pygeohash.pygeohash.neighbor Last character x is on border, recursively finding parent neighbor
2026-05-20 03:33:35,786 DEBUG pygeohash.pygeohash.neighbor Finding adjacent geohash for sv8x in direction right
2026-05-20 03:33:35,786 DEBUG pygeohash.pygeohash.neighbor Processing: base=sv8, last_char=x
2026-05-20 03:33:35,787 DEBUG pygeohash.pygeohash.neighbor Using even lookup tables based on hash length
2026-05-20 03:33:35,788 DEBUG pygeohash.pygeohash.neighbor Last character x is not on border, using direct neighbor lookup
2026-05-20 03:33:35,788 DEBUG pygeohash.pygeohash.neighbor Found adjacent geohash: sv8z
2026-05-20 03:33:35,789 DEBUG pygeohash.pygeohash.neighbor Found adjacent geohash: sv8z8
2026-05-20 03:33:35,789 DEBUG pygeohash.pygeohash.neighbor Finding adjacent geohash for sv8xx in direction left
2026-05-20 03:33:35,789 DEBUG pygeohash.pygeohash.neighbor Processing: base=sv8x, last_char=x
2026-05-20 03:33:35,790 DEBUG pygeohash.pygeohash.neighbor Using odd lookup tables based on hash length
2026-05-20 03:33:35,790 DEBUG pygeohash.pygeohash.neighbor Last character x is not on border, using direct neighbor lookup
2026-05-20 03:33:35,790 DEBUG pygeohash.pygeohash.neighbor Found adjacent geohash: sv8xw
2026-05-20 03:33:35,791 DEBUG pygeohash.pygeohash.neighbor Finding adjacent geohash for sv8xx in direction top
2026-05-20 03:33:35,791 DEBUG pygeohash.pygeohash.neighbor Processing: base=sv8x, last_char=x
2026-05-20 03:33:35,791 DEBUG pygeohash.pygeohash.neighbor Using odd lookup tables based on hash length
2026-05-20 03:33:35,792 DEBUG pygeohash.pygeohash.neighbor Last character x is not on border, using direct neighbor lookup
2026-05-20 03:33:35,792 DEBUG pygeohash.pygeohash.neighbor Found adjacent geohash: sv8xz
2026-05-20 03:33:35,794 DEBUG pygeohash.pygeohash.neighbor Finding adjacent geohash for sv8xx in direction bottom
2026-05-20 03:33:35,796 DEBUG pygeohash.pygeohash.neighbor Processing: base=sv8x, last_char=x
2026-05-20 03:33:35,797 DEBUG pygeohash.pygeohash.neighbor Using odd lookup tables based on hash length
2026-05-20 03:33:35,801 DEBUG pygeohash.pygeohash.neighbor Last character x is not on border, using direct neighbor lookup
2026-05-20 03:33:35,801 DEBUG pygeohash.pygeohash.neighbor Found adjacent geohash: sv8xr
2026-05-20 03:33:35,802 DEBUG pygeohash.pygeohash.neighbor Finding adjacent geohash for sv8xz in direction right
2026-05-20 03:33:35,803 DEBUG pygeohash.pygeohash.neighbor Processing: base=sv8x, last_char=z
2026-05-20 03:33:35,803 DEBUG pygeohash.pygeohash.neighbor Using odd lookup tables based on hash length
2026-05-20 03:33:35,804 DEBUG pygeohash.pygeohash.neighbor Last character z is on border, recursively finding parent neighbor
2026-05-20 03:33:35,804 DEBUG pygeohash.pygeohash.neighbor Finding adjacent geohash for sv8x in direction right
2026-05-20 03:33:35,805 DEBUG pygeohash.pygeohash.neighbor Processing: base=sv8, last_char=x
2026-05-20 03:33:35,806 DEBUG pygeohash.pygeohash.neighbor Using even lookup tables based on hash length
2026-05-20 03:33:35,806 DEBUG pygeohash.pygeohash.neighbor Last character x is not on border, using direct neighbor lookup
2026-05-20 03:33:35,807 DEBUG pygeohash.pygeohash.neighbor Found adjacent geohash: sv8z
2026-05-20 03:33:35,808 DEBUG pygeohash.pygeohash.neighbor Found adjacent geohash: sv8zb
2026-05-20 03:33:35,808 DEBUG pygeohash.pygeohash.neighbor Finding adjacent geohash for sv8xz in direction left
2026-05-20 03:33:35,808 DEBUG pygeohash.pygeohash.neighbor Processing: base=sv8x, last_char=z
2026-05-20 03:33:35,809 DEBUG pygeohash.pygeohash.neighbor Using odd lookup tables based on hash length
2026-05-20 03:33:35,811 DEBUG pygeohash.pygeohash.neighbor Last character z is not on border, using direct neighbor lookup
2026-05-20 03:33:35,812 DEBUG pygeohash.pygeohash.neighbor Found adjacent geohash: sv8xy
2026-05-20 03:33:35,814 DEBUG pygeohash.pygeohash.neighbor Finding adjacent geohash for sv8xr in direction right
2026-05-20 03:33:35,815 DEBUG pygeohash.pygeohash.neighbor Processing: base=sv8x, last_char=r
2026-05-20 03:33:35,816 DEBUG pygeohash.pygeohash.neighbor Using odd lookup tables based on hash length
2026-05-20 03:33:35,816 DEBUG pygeohash.pygeohash.neighbor Last character r is on border, recursively finding parent neighbor
2026-05-20 03:33:35,817 DEBUG pygeohash.pygeohash.neighbor Finding adjacent geohash for sv8x in direction right
2026-05-20 03:33:35,817 DEBUG pygeohash.pygeohash.neighbor Processing: base=sv8, last_char=x
2026-05-20 03:33:35,818 DEBUG pygeohash.pygeohash.neighbor Using even lookup tables based on hash length
2026-05-20 03:33:35,819 DEBUG pygeohash.pygeohash.neighbor Last character x is not on border, using direct neighbor lookup
2026-05-20 03:33:35,822 DEBUG pygeohash.pygeohash.neighbor Found adjacent geohash: sv8z
2026-05-20 03:33:35,822 DEBUG pygeohash.pygeohash.neighbor Found adjacent geohash: sv8z2
2026-05-20 03:33:35,823 DEBUG pygeohash.pygeohash.neighbor Finding adjacent geohash for sv8xr in direction left
2026-05-20 03:33:35,823 DEBUG pygeohash.pygeohash.neighbor Processing: base=sv8x, last_char=r
2026-05-20 03:33:35,824 DEBUG pygeohash.pygeohash.neighbor Using odd lookup tables based on hash length
2026-05-20 03:33:35,825 DEBUG pygeohash.pygeohash.neighbor Last character r is not on border, using direct neighbor lookup
2026-05-20 03:33:35,825 DEBUG pygeohash.pygeohash.neighbor Found adjacent geohash: sv8xq
2026-05-20 03:33:35,825 DEBUG src.simulator Found 0 candidate drivers near geohash sv8xx (required_vehicle=private)
2026-05-20 03:33:35,830 DEBUG src.simulator Queued arriving ride r4_far_out_of_radius at 2025-01-01T08:01:00Z (pending_queue_size=2)
2026-05-20 03:33:35,835 DEBUG pygeohash.pygeohash.geohash Encoding coordinates: lat=32.105300, lon=34.781800 with precision 5
2026-05-20 03:33:35,835 DEBUG pygeohash.pygeohash.geohash Encoded to geohash: sv8wx
2026-05-20 03:33:35,836 DEBUG src.simulator Released driver d_suv back to availability index at geohash sv8wx (available_at=1735718666.9)
2026-05-20 03:33:35,837 DEBUG pygeohash.pygeohash.geohash Encoding coordinates: lat=32.085300, lon=34.781800 with precision 5
2026-05-20 03:33:35,838 DEBUG pygeohash.pygeohash.geohash Encoded to geohash: sv8wx
2026-05-20 03:33:35,839 DEBUG pygeohash.pygeohash.neighbor Finding adjacent geohash for sv8wx in direction right
2026-05-20 03:33:35,839 DEBUG pygeohash.pygeohash.neighbor Processing: base=sv8w, last_char=x
2026-05-20 03:33:35,840 DEBUG pygeohash.pygeohash.neighbor Using odd lookup tables based on hash length
2026-05-20 03:33:35,841 DEBUG pygeohash.pygeohash.neighbor Last character x is on border, recursively finding parent neighbor
2026-05-20 03:33:35,841 DEBUG pygeohash.pygeohash.neighbor Finding adjacent geohash for sv8w in direction right
2026-05-20 03:33:35,841 DEBUG pygeohash.pygeohash.neighbor Processing: base=sv8, last_char=w
2026-05-20 03:33:35,842 DEBUG pygeohash.pygeohash.neighbor Using even lookup tables based on hash length
2026-05-20 03:33:35,846 DEBUG pygeohash.pygeohash.neighbor Last character w is not on border, using direct neighbor lookup
2026-05-20 03:33:35,849 DEBUG pygeohash.pygeohash.neighbor Found adjacent geohash: sv8y
2026-05-20 03:33:35,849 DEBUG pygeohash.pygeohash.neighbor Found adjacent geohash: sv8y8
2026-05-20 03:33:35,850 DEBUG pygeohash.pygeohash.neighbor Finding adjacent geohash for sv8wx in direction left
2026-05-20 03:33:35,851 DEBUG pygeohash.pygeohash.neighbor Processing: base=sv8w, last_char=x
2026-05-20 03:33:35,854 DEBUG pygeohash.pygeohash.neighbor Using odd lookup tables based on hash length
2026-05-20 03:33:35,854 DEBUG pygeohash.pygeohash.neighbor Last character x is not on border, using direct neighbor lookup
2026-05-20 03:33:35,855 DEBUG pygeohash.pygeohash.neighbor Found adjacent geohash: sv8ww
2026-05-20 03:33:35,856 DEBUG pygeohash.pygeohash.neighbor Finding adjacent geohash for sv8wx in direction top
2026-05-20 03:33:35,856 DEBUG pygeohash.pygeohash.neighbor Processing: base=sv8w, last_char=x
2026-05-20 03:33:35,857 DEBUG pygeohash.pygeohash.neighbor Using odd lookup tables based on hash length
2026-05-20 03:33:35,857 DEBUG pygeohash.pygeohash.neighbor Last character x is not on border, using direct neighbor lookup
2026-05-20 03:33:35,858 DEBUG pygeohash.pygeohash.neighbor Found adjacent geohash: sv8wz
2026-05-20 03:33:35,858 DEBUG pygeohash.pygeohash.neighbor Finding adjacent geohash for sv8wx in direction bottom
2026-05-20 03:33:35,858 DEBUG pygeohash.pygeohash.neighbor Processing: base=sv8w, last_char=x
2026-05-20 03:33:35,859 DEBUG pygeohash.pygeohash.neighbor Using odd lookup tables based on hash length
2026-05-20 03:33:35,859 DEBUG pygeohash.pygeohash.neighbor Last character x is not on border, using direct neighbor lookup
2026-05-20 03:33:35,863 DEBUG pygeohash.pygeohash.neighbor Found adjacent geohash: sv8wr
2026-05-20 03:33:35,863 DEBUG pygeohash.pygeohash.neighbor Finding adjacent geohash for sv8wz in direction right
2026-05-20 03:33:35,864 DEBUG pygeohash.pygeohash.neighbor Processing: base=sv8w, last_char=z
2026-05-20 03:33:35,864 DEBUG pygeohash.pygeohash.neighbor Using odd lookup tables based on hash length
2026-05-20 03:33:35,865 DEBUG pygeohash.pygeohash.neighbor Last character z is on border, recursively finding parent neighbor
2026-05-20 03:33:35,865 DEBUG pygeohash.pygeohash.neighbor Finding adjacent geohash for sv8w in direction right
2026-05-20 03:33:35,865 DEBUG pygeohash.pygeohash.neighbor Processing: base=sv8, last_char=w
2026-05-20 03:33:35,866 DEBUG pygeohash.pygeohash.neighbor Using even lookup tables based on hash length
2026-05-20 03:33:35,866 DEBUG pygeohash.pygeohash.neighbor Last character w is not on border, using direct neighbor lookup
2026-05-20 03:33:35,866 DEBUG pygeohash.pygeohash.neighbor Found adjacent geohash: sv8y
2026-05-20 03:33:35,867 DEBUG pygeohash.pygeohash.neighbor Found adjacent geohash: sv8yb
2026-05-20 03:33:35,867 DEBUG pygeohash.pygeohash.neighbor Finding adjacent geohash for sv8wz in direction left
2026-05-20 03:33:35,867 DEBUG pygeohash.pygeohash.neighbor Processing: base=sv8w, last_char=z
2026-05-20 03:33:35,868 DEBUG pygeohash.pygeohash.neighbor Using odd lookup tables based on hash length
2026-05-20 03:33:35,868 DEBUG pygeohash.pygeohash.neighbor Last character z is not on border, using direct neighbor lookup
2026-05-20 03:33:35,868 DEBUG pygeohash.pygeohash.neighbor Found adjacent geohash: sv8wy
2026-05-20 03:33:35,869 DEBUG pygeohash.pygeohash.neighbor Finding adjacent geohash for sv8wr in direction right
2026-05-20 03:33:35,870 DEBUG pygeohash.pygeohash.neighbor Processing: base=sv8w, last_char=r
2026-05-20 03:33:35,870 DEBUG pygeohash.pygeohash.neighbor Using odd lookup tables based on hash length
2026-05-20 03:33:35,871 DEBUG pygeohash.pygeohash.neighbor Last character r is on border, recursively finding parent neighbor
2026-05-20 03:33:35,871 DEBUG pygeohash.pygeohash.neighbor Finding adjacent geohash for sv8w in direction right
2026-05-20 03:33:35,872 DEBUG pygeohash.pygeohash.neighbor Processing: base=sv8, last_char=w
2026-05-20 03:33:35,872 DEBUG pygeohash.pygeohash.neighbor Using even lookup tables based on hash length
2026-05-20 03:33:35,873 DEBUG pygeohash.pygeohash.neighbor Last character w is not on border, using direct neighbor lookup
2026-05-20 03:33:35,874 DEBUG pygeohash.pygeohash.neighbor Found adjacent geohash: sv8y
2026-05-20 03:33:35,874 DEBUG pygeohash.pygeohash.neighbor Found adjacent geohash: sv8y2
2026-05-20 03:33:35,875 DEBUG pygeohash.pygeohash.neighbor Finding adjacent geohash for sv8wr in direction left
2026-05-20 03:33:35,875 DEBUG pygeohash.pygeohash.neighbor Processing: base=sv8w, last_char=r
2026-05-20 03:33:35,875 DEBUG pygeohash.pygeohash.neighbor Using odd lookup tables based on hash length
2026-05-20 03:33:35,876 DEBUG pygeohash.pygeohash.neighbor Last character r is not on border, using direct neighbor lookup
2026-05-20 03:33:35,876 DEBUG pygeohash.pygeohash.neighbor Found adjacent geohash: sv8wq
2026-05-20 03:33:35,876 DEBUG src.simulator Found 0 candidate drivers near geohash sv8wx (required_vehicle=private)
2026-05-20 03:33:35,877 DEBUG pygeohash.pygeohash.geohash Encoding coordinates: lat=32.285300, lon=34.781800 with precision 5
2026-05-20 03:33:35,877 DEBUG pygeohash.pygeohash.geohash Encoded to geohash: sv8xx
2026-05-20 03:33:35,878 DEBUG pygeohash.pygeohash.neighbor Finding adjacent geohash for sv8xx in direction right
2026-05-20 03:33:35,878 DEBUG pygeohash.pygeohash.neighbor Processing: base=sv8x, last_char=x
2026-05-20 03:33:35,878 DEBUG pygeohash.pygeohash.neighbor Using odd lookup tables based on hash length
2026-05-20 03:33:35,879 DEBUG pygeohash.pygeohash.neighbor Last character x is on border, recursively finding parent neighbor
2026-05-20 03:33:35,879 DEBUG pygeohash.pygeohash.neighbor Finding adjacent geohash for sv8x in direction right
2026-05-20 03:33:35,881 DEBUG pygeohash.pygeohash.neighbor Processing: base=sv8, last_char=x
2026-05-20 03:33:35,883 DEBUG pygeohash.pygeohash.neighbor Using even lookup tables based on hash length
2026-05-20 03:33:35,883 DEBUG pygeohash.pygeohash.neighbor Last character x is not on border, using direct neighbor lookup
2026-05-20 03:33:35,890 DEBUG pygeohash.pygeohash.neighbor Found adjacent geohash: sv8z
2026-05-20 03:33:35,890 DEBUG pygeohash.pygeohash.neighbor Found adjacent geohash: sv8z8
2026-05-20 03:33:35,891 DEBUG pygeohash.pygeohash.neighbor Finding adjacent geohash for sv8xx in direction left
2026-05-20 03:33:35,891 DEBUG pygeohash.pygeohash.neighbor Processing: base=sv8x, last_char=x
2026-05-20 03:33:35,892 DEBUG pygeohash.pygeohash.neighbor Using odd lookup tables based on hash length
2026-05-20 03:33:35,892 DEBUG pygeohash.pygeohash.neighbor Last character x is not on border, using direct neighbor lookup
2026-05-20 03:33:35,892 DEBUG pygeohash.pygeohash.neighbor Found adjacent geohash: sv8xw
2026-05-20 03:33:35,893 DEBUG pygeohash.pygeohash.neighbor Finding adjacent geohash for sv8xx in direction top
2026-05-20 03:33:35,893 DEBUG pygeohash.pygeohash.neighbor Processing: base=sv8x, last_char=x
2026-05-20 03:33:35,893 DEBUG pygeohash.pygeohash.neighbor Using odd lookup tables based on hash length
2026-05-20 03:33:35,894 DEBUG pygeohash.pygeohash.neighbor Last character x is not on border, using direct neighbor lookup
2026-05-20 03:33:35,894 DEBUG pygeohash.pygeohash.neighbor Found adjacent geohash: sv8xz
2026-05-20 03:33:35,895 DEBUG pygeohash.pygeohash.neighbor Finding adjacent geohash for sv8xx in direction bottom
2026-05-20 03:33:35,895 DEBUG pygeohash.pygeohash.neighbor Processing: base=sv8x, last_char=x
2026-05-20 03:33:35,896 DEBUG pygeohash.pygeohash.neighbor Using odd lookup tables based on hash length
2026-05-20 03:33:35,896 DEBUG pygeohash.pygeohash.neighbor Last character x is not on border, using direct neighbor lookup
2026-05-20 03:33:35,896 DEBUG pygeohash.pygeohash.neighbor Found adjacent geohash: sv8xr
2026-05-20 03:33:35,897 DEBUG pygeohash.pygeohash.neighbor Finding adjacent geohash for sv8xz in direction right
2026-05-20 03:33:35,897 DEBUG pygeohash.pygeohash.neighbor Processing: base=sv8x, last_char=z
2026-05-20 03:33:35,899 DEBUG pygeohash.pygeohash.neighbor Using odd lookup tables based on hash length
2026-05-20 03:33:35,899 DEBUG pygeohash.pygeohash.neighbor Last character z is on border, recursively finding parent neighbor
2026-05-20 03:33:35,899 DEBUG pygeohash.pygeohash.neighbor Finding adjacent geohash for sv8x in direction right
2026-05-20 03:33:35,900 DEBUG pygeohash.pygeohash.neighbor Processing: base=sv8, last_char=x
2026-05-20 03:33:35,900 DEBUG pygeohash.pygeohash.neighbor Using even lookup tables based on hash length
2026-05-20 03:33:35,903 DEBUG pygeohash.pygeohash.neighbor Last character x is not on border, using direct neighbor lookup
2026-05-20 03:33:35,903 DEBUG pygeohash.pygeohash.neighbor Found adjacent geohash: sv8z
2026-05-20 03:33:35,904 DEBUG pygeohash.pygeohash.neighbor Found adjacent geohash: sv8zb
2026-05-20 03:33:35,904 DEBUG pygeohash.pygeohash.neighbor Finding adjacent geohash for sv8xz in direction left
2026-05-20 03:33:35,904 DEBUG pygeohash.pygeohash.neighbor Processing: base=sv8x, last_char=z
2026-05-20 03:33:35,905 DEBUG pygeohash.pygeohash.neighbor Using odd lookup tables based on hash length
2026-05-20 03:33:35,905 DEBUG pygeohash.pygeohash.neighbor Last character z is not on border, using direct neighbor lookup
2026-05-20 03:33:35,905 DEBUG pygeohash.pygeohash.neighbor Found adjacent geohash: sv8xy
2026-05-20 03:33:35,906 DEBUG pygeohash.pygeohash.neighbor Finding adjacent geohash for sv8xr in direction right
2026-05-20 03:33:35,906 DEBUG pygeohash.pygeohash.neighbor Processing: base=sv8x, last_char=r
2026-05-20 03:33:35,906 DEBUG pygeohash.pygeohash.neighbor Using odd lookup tables based on hash length
2026-05-20 03:33:35,907 DEBUG pygeohash.pygeohash.neighbor Last character r is on border, recursively finding parent neighbor
2026-05-20 03:33:35,907 DEBUG pygeohash.pygeohash.neighbor Finding adjacent geohash for sv8x in direction right
2026-05-20 03:33:35,907 DEBUG pygeohash.pygeohash.neighbor Processing: base=sv8, last_char=x
2026-05-20 03:33:35,908 DEBUG pygeohash.pygeohash.neighbor Using even lookup tables based on hash length
2026-05-20 03:33:35,908 DEBUG pygeohash.pygeohash.neighbor Last character x is not on border, using direct neighbor lookup
2026-05-20 03:33:35,908 DEBUG pygeohash.pygeohash.neighbor Found adjacent geohash: sv8z
2026-05-20 03:33:35,908 DEBUG pygeohash.pygeohash.neighbor Found adjacent geohash: sv8z2
2026-05-20 03:33:35,909 DEBUG pygeohash.pygeohash.neighbor Finding adjacent geohash for sv8xr in direction left
2026-05-20 03:33:35,909 DEBUG pygeohash.pygeohash.neighbor Processing: base=sv8x, last_char=r
2026-05-20 03:33:35,909 DEBUG pygeohash.pygeohash.neighbor Using odd lookup tables based on hash length
2026-05-20 03:33:35,910 DEBUG pygeohash.pygeohash.neighbor Last character r is not on border, using direct neighbor lookup
2026-05-20 03:33:35,913 DEBUG pygeohash.pygeohash.neighbor Found adjacent geohash: sv8xq
2026-05-20 03:33:35,913 DEBUG src.simulator Found 0 candidate drivers near geohash sv8xx (required_vehicle=private)
2026-05-20 03:33:35,914 DEBUG pygeohash.pygeohash.geohash Encoding coordinates: lat=32.085300, lon=34.781800 with precision 5
2026-05-20 03:33:35,914 DEBUG pygeohash.pygeohash.geohash Encoded to geohash: sv8wx
2026-05-20 03:33:35,915 DEBUG pygeohash.pygeohash.neighbor Finding adjacent geohash for sv8wx in direction right
2026-05-20 03:33:35,915 DEBUG pygeohash.pygeohash.neighbor Processing: base=sv8w, last_char=x
2026-05-20 03:33:35,916 DEBUG pygeohash.pygeohash.neighbor Using odd lookup tables based on hash length
2026-05-20 03:33:35,916 DEBUG pygeohash.pygeohash.neighbor Last character x is on border, recursively finding parent neighbor
2026-05-20 03:33:35,916 DEBUG pygeohash.pygeohash.neighbor Finding adjacent geohash for sv8w in direction right
2026-05-20 03:33:35,917 DEBUG pygeohash.pygeohash.neighbor Processing: base=sv8, last_char=w
2026-05-20 03:33:35,917 DEBUG pygeohash.pygeohash.neighbor Using even lookup tables based on hash length
2026-05-20 03:33:35,917 DEBUG pygeohash.pygeohash.neighbor Last character w is not on border, using direct neighbor lookup
2026-05-20 03:33:35,917 DEBUG pygeohash.pygeohash.neighbor Found adjacent geohash: sv8y
2026-05-20 03:33:35,918 DEBUG pygeohash.pygeohash.neighbor Found adjacent geohash: sv8y8
2026-05-20 03:33:35,918 DEBUG pygeohash.pygeohash.neighbor Finding adjacent geohash for sv8wx in direction left
2026-05-20 03:33:35,918 DEBUG pygeohash.pygeohash.neighbor Processing: base=sv8w, last_char=x
2026-05-20 03:33:35,920 DEBUG pygeohash.pygeohash.neighbor Using odd lookup tables based on hash length
2026-05-20 03:33:35,920 DEBUG pygeohash.pygeohash.neighbor Last character x is not on border, using direct neighbor lookup
2026-05-20 03:33:35,921 DEBUG pygeohash.pygeohash.neighbor Found adjacent geohash: sv8ww
2026-05-20 03:33:35,921 DEBUG pygeohash.pygeohash.neighbor Finding adjacent geohash for sv8wx in direction top
2026-05-20 03:33:35,922 DEBUG pygeohash.pygeohash.neighbor Processing: base=sv8w, last_char=x
2026-05-20 03:33:35,923 DEBUG pygeohash.pygeohash.neighbor Using odd lookup tables based on hash length
2026-05-20 03:33:35,924 DEBUG pygeohash.pygeohash.neighbor Last character x is not on border, using direct neighbor lookup
2026-05-20 03:33:35,924 DEBUG pygeohash.pygeohash.neighbor Found adjacent geohash: sv8wz
2026-05-20 03:33:35,925 DEBUG pygeohash.pygeohash.neighbor Finding adjacent geohash for sv8wx in direction bottom
2026-05-20 03:33:35,925 DEBUG pygeohash.pygeohash.neighbor Processing: base=sv8w, last_char=x
2026-05-20 03:33:35,925 DEBUG pygeohash.pygeohash.neighbor Using odd lookup tables based on hash length
2026-05-20 03:33:35,926 DEBUG pygeohash.pygeohash.neighbor Last character x is not on border, using direct neighbor lookup
2026-05-20 03:33:35,926 DEBUG pygeohash.pygeohash.neighbor Found adjacent geohash: sv8wr
2026-05-20 03:33:35,927 DEBUG pygeohash.pygeohash.neighbor Finding adjacent geohash for sv8wz in direction right
2026-05-20 03:33:35,927 DEBUG pygeohash.pygeohash.neighbor Processing: base=sv8w, last_char=z
2026-05-20 03:33:35,927 DEBUG pygeohash.pygeohash.neighbor Using odd lookup tables based on hash length
2026-05-20 03:33:35,928 DEBUG pygeohash.pygeohash.neighbor Last character z is on border, recursively finding parent neighbor
2026-05-20 03:33:35,928 DEBUG pygeohash.pygeohash.neighbor Finding adjacent geohash for sv8w in direction right
2026-05-20 03:33:35,929 DEBUG pygeohash.pygeohash.neighbor Processing: base=sv8, last_char=w
2026-05-20 03:33:35,929 DEBUG pygeohash.pygeohash.neighbor Using even lookup tables based on hash length
2026-05-20 03:33:35,930 DEBUG pygeohash.pygeohash.neighbor Last character w is not on border, using direct neighbor lookup
2026-05-20 03:33:35,930 DEBUG pygeohash.pygeohash.neighbor Found adjacent geohash: sv8y
2026-05-20 03:33:35,931 DEBUG pygeohash.pygeohash.neighbor Found adjacent geohash: sv8yb
2026-05-20 03:33:35,931 DEBUG pygeohash.pygeohash.neighbor Finding adjacent geohash for sv8wz in direction left
2026-05-20 03:33:35,931 DEBUG pygeohash.pygeohash.neighbor Processing: base=sv8w, last_char=z
2026-05-20 03:33:35,932 DEBUG pygeohash.pygeohash.neighbor Using odd lookup tables based on hash length
2026-05-20 03:33:35,932 DEBUG pygeohash.pygeohash.neighbor Last character z is not on border, using direct neighbor lookup
2026-05-20 03:33:35,932 DEBUG pygeohash.pygeohash.neighbor Found adjacent geohash: sv8wy
2026-05-20 03:33:35,933 DEBUG pygeohash.pygeohash.neighbor Finding adjacent geohash for sv8wr in direction right
2026-05-20 03:33:35,933 DEBUG pygeohash.pygeohash.neighbor Processing: base=sv8w, last_char=r
2026-05-20 03:33:35,934 DEBUG pygeohash.pygeohash.neighbor Using odd lookup tables based on hash length
2026-05-20 03:33:35,937 DEBUG pygeohash.pygeohash.neighbor Last character r is on border, recursively finding parent neighbor
2026-05-20 03:33:35,937 DEBUG pygeohash.pygeohash.neighbor Finding adjacent geohash for sv8w in direction right
2026-05-20 03:33:35,938 DEBUG pygeohash.pygeohash.neighbor Processing: base=sv8, last_char=w
2026-05-20 03:33:35,939 DEBUG pygeohash.pygeohash.neighbor Using even lookup tables based on hash length
2026-05-20 03:33:35,939 DEBUG pygeohash.pygeohash.neighbor Last character w is not on border, using direct neighbor lookup
2026-05-20 03:33:35,940 DEBUG pygeohash.pygeohash.neighbor Found adjacent geohash: sv8y
2026-05-20 03:33:35,940 DEBUG pygeohash.pygeohash.neighbor Found adjacent geohash: sv8y2
2026-05-20 03:33:35,940 DEBUG pygeohash.pygeohash.neighbor Finding adjacent geohash for sv8wr in direction left
2026-05-20 03:33:35,941 DEBUG pygeohash.pygeohash.neighbor Processing: base=sv8w, last_char=r
2026-05-20 03:33:35,941 DEBUG pygeohash.pygeohash.neighbor Using odd lookup tables based on hash length
2026-05-20 03:33:35,941 DEBUG pygeohash.pygeohash.neighbor Last character r is not on border, using direct neighbor lookup
2026-05-20 03:33:35,942 DEBUG pygeohash.pygeohash.neighbor Found adjacent geohash: sv8wq
2026-05-20 03:33:35,942 DEBUG src.simulator Found 0 candidate drivers near geohash sv8wx (required_vehicle=private)
2026-05-20 03:33:35,942 INFO src.simulator Unassigned ride r2_private_collision after timeout at simulation time 2025-01-01T08:06:00Z
2026-05-20 03:33:35,943 DEBUG pygeohash.pygeohash.geohash Encoding coordinates: lat=32.285300, lon=34.781800 with precision 5
2026-05-20 03:33:35,943 DEBUG pygeohash.pygeohash.geohash Encoded to geohash: sv8xx
2026-05-20 03:33:35,944 DEBUG pygeohash.pygeohash.neighbor Finding adjacent geohash for sv8xx in direction right
2026-05-20 03:33:35,944 DEBUG pygeohash.pygeohash.neighbor Processing: base=sv8x, last_char=x
2026-05-20 03:33:35,945 DEBUG pygeohash.pygeohash.neighbor Using odd lookup tables based on hash length
2026-05-20 03:33:35,945 DEBUG pygeohash.pygeohash.neighbor Last character x is on border, recursively finding parent neighbor
2026-05-20 03:33:35,946 DEBUG pygeohash.pygeohash.neighbor Finding adjacent geohash for sv8x in direction right
2026-05-20 03:33:35,946 DEBUG pygeohash.pygeohash.neighbor Processing: base=sv8, last_char=x
2026-05-20 03:33:35,946 DEBUG pygeohash.pygeohash.neighbor Using even lookup tables based on hash length
2026-05-20 03:33:35,946 DEBUG pygeohash.pygeohash.neighbor Last character x is not on border, using direct neighbor lookup
2026-05-20 03:33:35,947 DEBUG pygeohash.pygeohash.neighbor Found adjacent geohash: sv8z
2026-05-20 03:33:35,949 DEBUG pygeohash.pygeohash.neighbor Found adjacent geohash: sv8z8
2026-05-20 03:33:35,951 DEBUG pygeohash.pygeohash.neighbor Finding adjacent geohash for sv8xx in direction left
2026-05-20 03:33:35,952 DEBUG pygeohash.pygeohash.neighbor Processing: base=sv8x, last_char=x
2026-05-20 03:33:35,953 DEBUG pygeohash.pygeohash.neighbor Using odd lookup tables based on hash length
2026-05-20 03:33:35,954 DEBUG pygeohash.pygeohash.neighbor Last character x is not on border, using direct neighbor lookup
2026-05-20 03:33:35,954 DEBUG pygeohash.pygeohash.neighbor Found adjacent geohash: sv8xw
2026-05-20 03:33:35,954 DEBUG pygeohash.pygeohash.neighbor Finding adjacent geohash for sv8xx in direction top
2026-05-20 03:33:35,955 DEBUG pygeohash.pygeohash.neighbor Processing: base=sv8x, last_char=x
2026-05-20 03:33:35,955 DEBUG pygeohash.pygeohash.neighbor Using odd lookup tables based on hash length
2026-05-20 03:33:35,955 DEBUG pygeohash.pygeohash.neighbor Last character x is not on border, using direct neighbor lookup
2026-05-20 03:33:35,956 DEBUG pygeohash.pygeohash.neighbor Found adjacent geohash: sv8xz
2026-05-20 03:33:35,956 DEBUG pygeohash.pygeohash.neighbor Finding adjacent geohash for sv8xx in direction bottom
2026-05-20 03:33:35,956 DEBUG pygeohash.pygeohash.neighbor Processing: base=sv8x, last_char=x
2026-05-20 03:33:35,957 DEBUG pygeohash.pygeohash.neighbor Using odd lookup tables based on hash length
2026-05-20 03:33:35,957 DEBUG pygeohash.pygeohash.neighbor Last character x is not on border, using direct neighbor lookup
2026-05-20 03:33:35,957 DEBUG pygeohash.pygeohash.neighbor Found adjacent geohash: sv8xr
2026-05-20 03:33:35,958 DEBUG pygeohash.pygeohash.neighbor Finding adjacent geohash for sv8xz in direction right
2026-05-20 03:33:35,958 DEBUG pygeohash.pygeohash.neighbor Processing: base=sv8x, last_char=z
2026-05-20 03:33:35,958 DEBUG pygeohash.pygeohash.neighbor Using odd lookup tables based on hash length
2026-05-20 03:33:35,959 DEBUG pygeohash.pygeohash.neighbor Last character z is on border, recursively finding parent neighbor
2026-05-20 03:33:35,959 DEBUG pygeohash.pygeohash.neighbor Finding adjacent geohash for sv8x in direction right
2026-05-20 03:33:35,959 DEBUG pygeohash.pygeohash.neighbor Processing: base=sv8, last_char=x
2026-05-20 03:33:35,959 DEBUG pygeohash.pygeohash.neighbor Using even lookup tables based on hash length
2026-05-20 03:33:35,960 DEBUG pygeohash.pygeohash.neighbor Last character x is not on border, using direct neighbor lookup
2026-05-20 03:33:35,960 DEBUG pygeohash.pygeohash.neighbor Found adjacent geohash: sv8z
2026-05-20 03:33:35,960 DEBUG pygeohash.pygeohash.neighbor Found adjacent geohash: sv8zb
2026-05-20 03:33:35,961 DEBUG pygeohash.pygeohash.neighbor Finding adjacent geohash for sv8xz in direction left
2026-05-20 03:33:35,961 DEBUG pygeohash.pygeohash.neighbor Processing: base=sv8x, last_char=z
2026-05-20 03:33:35,961 DEBUG pygeohash.pygeohash.neighbor Using odd lookup tables based on hash length
2026-05-20 03:33:35,962 DEBUG pygeohash.pygeohash.neighbor Last character z is not on border, using direct neighbor lookup
2026-05-20 03:33:35,963 DEBUG pygeohash.pygeohash.neighbor Found adjacent geohash: sv8xy
2026-05-20 03:33:35,964 DEBUG pygeohash.pygeohash.neighbor Finding adjacent geohash for sv8xr in direction right
2026-05-20 03:33:35,964 DEBUG pygeohash.pygeohash.neighbor Processing: base=sv8x, last_char=r
2026-05-20 03:33:35,964 DEBUG pygeohash.pygeohash.neighbor Using odd lookup tables based on hash length
2026-05-20 03:33:35,964 DEBUG pygeohash.pygeohash.neighbor Last character r is on border, recursively finding parent neighbor
2026-05-20 03:33:35,965 DEBUG pygeohash.pygeohash.neighbor Finding adjacent geohash for sv8x in direction right
2026-05-20 03:33:35,965 DEBUG pygeohash.pygeohash.neighbor Processing: base=sv8, last_char=x
2026-05-20 03:33:35,965 DEBUG pygeohash.pygeohash.neighbor Using even lookup tables based on hash length
2026-05-20 03:33:35,966 DEBUG pygeohash.pygeohash.neighbor Last character x is not on border, using direct neighbor lookup
2026-05-20 03:33:35,966 DEBUG pygeohash.pygeohash.neighbor Found adjacent geohash: sv8z
2026-05-20 03:33:35,967 DEBUG pygeohash.pygeohash.neighbor Found adjacent geohash: sv8z2
2026-05-20 03:33:35,967 DEBUG pygeohash.pygeohash.neighbor Finding adjacent geohash for sv8xr in direction left
2026-05-20 03:33:35,967 DEBUG pygeohash.pygeohash.neighbor Processing: base=sv8x, last_char=r
2026-05-20 03:33:35,968 DEBUG pygeohash.pygeohash.neighbor Using odd lookup tables based on hash length
2026-05-20 03:33:35,968 DEBUG pygeohash.pygeohash.neighbor Last character r is not on border, using direct neighbor lookup
2026-05-20 03:33:35,968 DEBUG pygeohash.pygeohash.neighbor Found adjacent geohash: sv8xq
2026-05-20 03:33:35,970 DEBUG src.simulator Found 0 candidate drivers near geohash sv8xx (required_vehicle=private)
2026-05-20 03:33:35,971 DEBUG pygeohash.pygeohash.geohash Encoding coordinates: lat=32.085900, lon=34.782200 with precision 5
2026-05-20 03:33:35,972 DEBUG pygeohash.pygeohash.geohash Encoded to geohash: sv8wx
2026-05-20 03:33:35,973 DEBUG pygeohash.pygeohash.neighbor Finding adjacent geohash for sv8wx in direction right
2026-05-20 03:33:35,973 DEBUG pygeohash.pygeohash.neighbor Processing: base=sv8w, last_char=x
2026-05-20 03:33:35,973 DEBUG pygeohash.pygeohash.neighbor Using odd lookup tables based on hash length
2026-05-20 03:33:35,973 DEBUG pygeohash.pygeohash.neighbor Last character x is on border, recursively finding parent neighbor
2026-05-20 03:33:35,974 DEBUG pygeohash.pygeohash.neighbor Finding adjacent geohash for sv8w in direction right
2026-05-20 03:33:35,974 DEBUG pygeohash.pygeohash.neighbor Processing: base=sv8, last_char=w
2026-05-20 03:33:35,974 DEBUG pygeohash.pygeohash.neighbor Using even lookup tables based on hash length
2026-05-20 03:33:35,975 DEBUG pygeohash.pygeohash.neighbor Last character w is not on border, using direct neighbor lookup
2026-05-20 03:33:35,975 DEBUG pygeohash.pygeohash.neighbor Found adjacent geohash: sv8y
2026-05-20 03:33:35,975 DEBUG pygeohash.pygeohash.neighbor Found adjacent geohash: sv8y8
2026-05-20 03:33:35,975 DEBUG pygeohash.pygeohash.neighbor Finding adjacent geohash for sv8wx in direction left
2026-05-20 03:33:35,976 DEBUG pygeohash.pygeohash.neighbor Processing: base=sv8w, last_char=x
2026-05-20 03:33:35,976 DEBUG pygeohash.pygeohash.neighbor Using odd lookup tables based on hash length
2026-05-20 03:33:35,976 DEBUG pygeohash.pygeohash.neighbor Last character x is not on border, using direct neighbor lookup
2026-05-20 03:33:35,977 DEBUG pygeohash.pygeohash.neighbor Found adjacent geohash: sv8ww
2026-05-20 03:33:35,977 DEBUG pygeohash.pygeohash.neighbor Finding adjacent geohash for sv8wx in direction top
2026-05-20 03:33:35,978 DEBUG pygeohash.pygeohash.neighbor Processing: base=sv8w, last_char=x
2026-05-20 03:33:35,978 DEBUG pygeohash.pygeohash.neighbor Using odd lookup tables based on hash length
2026-05-20 03:33:35,979 DEBUG pygeohash.pygeohash.neighbor Last character x is not on border, using direct neighbor lookup
2026-05-20 03:33:35,979 DEBUG pygeohash.pygeohash.neighbor Found adjacent geohash: sv8wz
2026-05-20 03:33:35,979 DEBUG pygeohash.pygeohash.neighbor Finding adjacent geohash for sv8wx in direction bottom
2026-05-20 03:33:35,979 DEBUG pygeohash.pygeohash.neighbor Processing: base=sv8w, last_char=x
2026-05-20 03:33:35,980 DEBUG pygeohash.pygeohash.neighbor Using odd lookup tables based on hash length
2026-05-20 03:33:35,980 DEBUG pygeohash.pygeohash.neighbor Last character x is not on border, using direct neighbor lookup
2026-05-20 03:33:35,980 DEBUG pygeohash.pygeohash.neighbor Found adjacent geohash: sv8wr
2026-05-20 03:33:35,981 DEBUG pygeohash.pygeohash.neighbor Finding adjacent geohash for sv8wz in direction right
2026-05-20 03:33:35,981 DEBUG pygeohash.pygeohash.neighbor Processing: base=sv8w, last_char=z
2026-05-20 03:33:35,981 DEBUG pygeohash.pygeohash.neighbor Using odd lookup tables based on hash length
2026-05-20 03:33:35,981 DEBUG pygeohash.pygeohash.neighbor Last character z is on border, recursively finding parent neighbor
2026-05-20 03:33:35,982 DEBUG pygeohash.pygeohash.neighbor Finding adjacent geohash for sv8w in direction right
2026-05-20 03:33:35,982 DEBUG pygeohash.pygeohash.neighbor Processing: base=sv8, last_char=w
2026-05-20 03:33:35,982 DEBUG pygeohash.pygeohash.neighbor Using even lookup tables based on hash length
2026-05-20 03:33:35,983 DEBUG pygeohash.pygeohash.neighbor Last character w is not on border, using direct neighbor lookup
2026-05-20 03:33:35,983 DEBUG pygeohash.pygeohash.neighbor Found adjacent geohash: sv8y
2026-05-20 03:33:35,983 DEBUG pygeohash.pygeohash.neighbor Found adjacent geohash: sv8yb
2026-05-20 03:33:35,983 DEBUG pygeohash.pygeohash.neighbor Finding adjacent geohash for sv8wz in direction left
2026-05-20 03:33:35,984 DEBUG pygeohash.pygeohash.neighbor Processing: base=sv8w, last_char=z
2026-05-20 03:33:35,985 DEBUG pygeohash.pygeohash.neighbor Using odd lookup tables based on hash length
2026-05-20 03:33:35,986 DEBUG pygeohash.pygeohash.neighbor Last character z is not on border, using direct neighbor lookup
2026-05-20 03:33:35,987 DEBUG pygeohash.pygeohash.neighbor Found adjacent geohash: sv8wy
2026-05-20 03:33:35,987 DEBUG pygeohash.pygeohash.neighbor Finding adjacent geohash for sv8wr in direction right
2026-05-20 03:33:35,988 DEBUG pygeohash.pygeohash.neighbor Processing: base=sv8w, last_char=r
2026-05-20 03:33:35,989 DEBUG pygeohash.pygeohash.neighbor Using odd lookup tables based on hash length
2026-05-20 03:33:35,989 DEBUG pygeohash.pygeohash.neighbor Last character r is on border, recursively finding parent neighbor
2026-05-20 03:33:35,989 DEBUG pygeohash.pygeohash.neighbor Finding adjacent geohash for sv8w in direction right
2026-05-20 03:33:35,990 DEBUG pygeohash.pygeohash.neighbor Processing: base=sv8, last_char=w
2026-05-20 03:33:35,990 DEBUG pygeohash.pygeohash.neighbor Using even lookup tables based on hash length
2026-05-20 03:33:35,990 DEBUG pygeohash.pygeohash.neighbor Last character w is not on border, using direct neighbor lookup
2026-05-20 03:33:35,991 DEBUG pygeohash.pygeohash.neighbor Found adjacent geohash: sv8y
2026-05-20 03:33:35,992 DEBUG pygeohash.pygeohash.neighbor Found adjacent geohash: sv8y2
2026-05-20 03:33:35,994 DEBUG pygeohash.pygeohash.neighbor Finding adjacent geohash for sv8wr in direction left
2026-05-20 03:33:35,995 DEBUG pygeohash.pygeohash.neighbor Processing: base=sv8w, last_char=r
2026-05-20 03:33:35,995 DEBUG pygeohash.pygeohash.neighbor Using odd lookup tables based on hash length
2026-05-20 03:33:35,999 DEBUG pygeohash.pygeohash.neighbor Last character r is not on border, using direct neighbor lookup
2026-05-20 03:33:36,000 DEBUG pygeohash.pygeohash.neighbor Found adjacent geohash: sv8wq
2026-05-20 03:33:36,001 DEBUG src.simulator Found 0 candidate drivers near geohash sv8wx (required_vehicle=private)
2026-05-20 03:33:36,001 DEBUG src.simulator Queued arriving ride r5_wait_then_assign at 2025-01-01T08:06:00Z (pending_queue_size=2)
2026-05-20 03:33:36,001 DEBUG pygeohash.pygeohash.geohash Encoding coordinates: lat=32.115300, lon=34.781800 with precision 5
2026-05-20 03:33:36,002 DEBUG pygeohash.pygeohash.geohash Encoded to geohash: sv8wx
2026-05-20 03:33:36,004 DEBUG src.simulator Released driver d_private back to availability index at geohash sv8wx (available_at=1735718800.3)
2026-05-20 03:33:36,005 DEBUG pygeohash.pygeohash.geohash Encoding coordinates: lat=32.285300, lon=34.781800 with precision 5
2026-05-20 03:33:36,005 DEBUG pygeohash.pygeohash.geohash Encoded to geohash: sv8xx
2026-05-20 03:33:36,005 DEBUG pygeohash.pygeohash.neighbor Finding adjacent geohash for sv8xx in direction right
2026-05-20 03:33:36,006 DEBUG pygeohash.pygeohash.neighbor Processing: base=sv8x, last_char=x
2026-05-20 03:33:36,006 DEBUG pygeohash.pygeohash.neighbor Using odd lookup tables based on hash length
2026-05-20 03:33:36,007 DEBUG pygeohash.pygeohash.neighbor Last character x is on border, recursively finding parent neighbor
2026-05-20 03:33:36,007 DEBUG pygeohash.pygeohash.neighbor Finding adjacent geohash for sv8x in direction right
2026-05-20 03:33:36,008 DEBUG pygeohash.pygeohash.neighbor Processing: base=sv8, last_char=x
2026-05-20 03:33:36,008 DEBUG pygeohash.pygeohash.neighbor Using even lookup tables based on hash length
2026-05-20 03:33:36,008 DEBUG pygeohash.pygeohash.neighbor Last character x is not on border, using direct neighbor lookup
2026-05-20 03:33:36,013 DEBUG pygeohash.pygeohash.neighbor Found adjacent geohash: sv8z
2026-05-20 03:33:36,014 DEBUG pygeohash.pygeohash.neighbor Found adjacent geohash: sv8z8
2026-05-20 03:33:36,015 DEBUG pygeohash.pygeohash.neighbor Finding adjacent geohash for sv8xx in direction left
2026-05-20 03:33:36,015 DEBUG pygeohash.pygeohash.neighbor Processing: base=sv8x, last_char=x
2026-05-20 03:33:36,016 DEBUG pygeohash.pygeohash.neighbor Using odd lookup tables based on hash length
2026-05-20 03:33:36,017 DEBUG pygeohash.pygeohash.neighbor Last character x is not on border, using direct neighbor lookup
2026-05-20 03:33:36,017 DEBUG pygeohash.pygeohash.neighbor Found adjacent geohash: sv8xw
2026-05-20 03:33:36,018 DEBUG pygeohash.pygeohash.neighbor Finding adjacent geohash for sv8xx in direction top
2026-05-20 03:33:36,018 DEBUG pygeohash.pygeohash.neighbor Processing: base=sv8x, last_char=x
2026-05-20 03:33:36,018 DEBUG pygeohash.pygeohash.neighbor Using odd lookup tables based on hash length
2026-05-20 03:33:36,019 DEBUG pygeohash.pygeohash.neighbor Last character x is not on border, using direct neighbor lookup
2026-05-20 03:33:36,021 DEBUG pygeohash.pygeohash.neighbor Found adjacent geohash: sv8xz
2026-05-20 03:33:36,022 DEBUG pygeohash.pygeohash.neighbor Finding adjacent geohash for sv8xx in direction bottom
2026-05-20 03:33:36,022 DEBUG pygeohash.pygeohash.neighbor Processing: base=sv8x, last_char=x
2026-05-20 03:33:36,023 DEBUG pygeohash.pygeohash.neighbor Using odd lookup tables based on hash length
2026-05-20 03:33:36,023 DEBUG pygeohash.pygeohash.neighbor Last character x is not on border, using direct neighbor lookup
2026-05-20 03:33:36,024 DEBUG pygeohash.pygeohash.neighbor Found adjacent geohash: sv8xr
2026-05-20 03:33:36,024 DEBUG pygeohash.pygeohash.neighbor Finding adjacent geohash for sv8xz in direction right
2026-05-20 03:33:36,024 DEBUG pygeohash.pygeohash.neighbor Processing: base=sv8x, last_char=z
2026-05-20 03:33:36,025 DEBUG pygeohash.pygeohash.neighbor Using odd lookup tables based on hash length
2026-05-20 03:33:36,025 DEBUG pygeohash.pygeohash.neighbor Last character z is on border, recursively finding parent neighbor
2026-05-20 03:33:36,025 DEBUG pygeohash.pygeohash.neighbor Finding adjacent geohash for sv8x in direction right
2026-05-20 03:33:36,026 DEBUG pygeohash.pygeohash.neighbor Processing: base=sv8, last_char=x
2026-05-20 03:33:36,026 DEBUG pygeohash.pygeohash.neighbor Using even lookup tables based on hash length
2026-05-20 03:33:36,026 DEBUG pygeohash.pygeohash.neighbor Last character x is not on border, using direct neighbor lookup
2026-05-20 03:33:36,027 DEBUG pygeohash.pygeohash.neighbor Found adjacent geohash: sv8z
2026-05-20 03:33:36,027 DEBUG pygeohash.pygeohash.neighbor Found adjacent geohash: sv8zb
2026-05-20 03:33:36,027 DEBUG pygeohash.pygeohash.neighbor Finding adjacent geohash for sv8xz in direction left
2026-05-20 03:33:36,028 DEBUG pygeohash.pygeohash.neighbor Processing: base=sv8x, last_char=z
2026-05-20 03:33:36,028 DEBUG pygeohash.pygeohash.neighbor Using odd lookup tables based on hash length
2026-05-20 03:33:36,028 DEBUG pygeohash.pygeohash.neighbor Last character z is not on border, using direct neighbor lookup
2026-05-20 03:33:36,029 DEBUG pygeohash.pygeohash.neighbor Found adjacent geohash: sv8xy
2026-05-20 03:33:36,029 DEBUG pygeohash.pygeohash.neighbor Finding adjacent geohash for sv8xr in direction right
2026-05-20 03:33:36,029 DEBUG pygeohash.pygeohash.neighbor Processing: base=sv8x, last_char=r
2026-05-20 03:33:36,029 DEBUG pygeohash.pygeohash.neighbor Using odd lookup tables based on hash length
2026-05-20 03:33:36,030 DEBUG pygeohash.pygeohash.neighbor Last character r is on border, recursively finding parent neighbor
2026-05-20 03:33:36,030 DEBUG pygeohash.pygeohash.neighbor Finding adjacent geohash for sv8x in direction right
2026-05-20 03:33:36,030 DEBUG pygeohash.pygeohash.neighbor Processing: base=sv8, last_char=x
2026-05-20 03:33:36,031 DEBUG pygeohash.pygeohash.neighbor Using even lookup tables based on hash length
2026-05-20 03:33:36,031 DEBUG pygeohash.pygeohash.neighbor Last character x is not on border, using direct neighbor lookup
2026-05-20 03:33:36,031 DEBUG pygeohash.pygeohash.neighbor Found adjacent geohash: sv8z
2026-05-20 03:33:36,032 DEBUG pygeohash.pygeohash.neighbor Found adjacent geohash: sv8z2
2026-05-20 03:33:36,032 DEBUG pygeohash.pygeohash.neighbor Finding adjacent geohash for sv8xr in direction left
2026-05-20 03:33:36,032 DEBUG pygeohash.pygeohash.neighbor Processing: base=sv8x, last_char=r
2026-05-20 03:33:36,033 DEBUG pygeohash.pygeohash.neighbor Using odd lookup tables based on hash length
2026-05-20 03:33:36,033 DEBUG pygeohash.pygeohash.neighbor Last character r is not on border, using direct neighbor lookup
2026-05-20 03:33:36,033 DEBUG pygeohash.pygeohash.neighbor Found adjacent geohash: sv8xq
2026-05-20 03:33:36,034 DEBUG src.simulator Found 0 candidate drivers near geohash sv8xx (required_vehicle=private)
2026-05-20 03:33:36,034 INFO src.simulator Unassigned ride r4_far_out_of_radius after timeout at simulation time 2025-01-01T08:06:40Z
2026-05-20 03:33:36,034 DEBUG pygeohash.pygeohash.geohash Encoding coordinates: lat=32.085900, lon=34.782200 with precision 5
2026-05-20 03:33:36,038 DEBUG pygeohash.pygeohash.geohash Encoded to geohash: sv8wx
2026-05-20 03:33:36,039 DEBUG pygeohash.pygeohash.neighbor Finding adjacent geohash for sv8wx in direction right
2026-05-20 03:33:36,039 DEBUG pygeohash.pygeohash.neighbor Processing: base=sv8w, last_char=x
2026-05-20 03:33:36,039 DEBUG pygeohash.pygeohash.neighbor Using odd lookup tables based on hash length
2026-05-20 03:33:36,040 DEBUG pygeohash.pygeohash.neighbor Last character x is on border, recursively finding parent neighbor
2026-05-20 03:33:36,040 DEBUG pygeohash.pygeohash.neighbor Finding adjacent geohash for sv8w in direction right
2026-05-20 03:33:36,040 DEBUG pygeohash.pygeohash.neighbor Processing: base=sv8, last_char=w
2026-05-20 03:33:36,040 DEBUG pygeohash.pygeohash.neighbor Using even lookup tables based on hash length
2026-05-20 03:33:36,041 DEBUG pygeohash.pygeohash.neighbor Last character w is not on border, using direct neighbor lookup
2026-05-20 03:33:36,041 DEBUG pygeohash.pygeohash.neighbor Found adjacent geohash: sv8y
2026-05-20 03:33:36,041 DEBUG pygeohash.pygeohash.neighbor Found adjacent geohash: sv8y8
2026-05-20 03:33:36,042 DEBUG pygeohash.pygeohash.neighbor Finding adjacent geohash for sv8wx in direction left
2026-05-20 03:33:36,042 DEBUG pygeohash.pygeohash.neighbor Processing: base=sv8w, last_char=x
2026-05-20 03:33:36,042 DEBUG pygeohash.pygeohash.neighbor Using odd lookup tables based on hash length
2026-05-20 03:33:36,043 DEBUG pygeohash.pygeohash.neighbor Last character x is not on border, using direct neighbor lookup
2026-05-20 03:33:36,043 DEBUG pygeohash.pygeohash.neighbor Found adjacent geohash: sv8ww
2026-05-20 03:33:36,043 DEBUG pygeohash.pygeohash.neighbor Finding adjacent geohash for sv8wx in direction top
2026-05-20 03:33:36,044 DEBUG pygeohash.pygeohash.neighbor Processing: base=sv8w, last_char=x
2026-05-20 03:33:36,044 DEBUG pygeohash.pygeohash.neighbor Using odd lookup tables based on hash length
2026-05-20 03:33:36,044 DEBUG pygeohash.pygeohash.neighbor Last character x is not on border, using direct neighbor lookup
2026-05-20 03:33:36,045 DEBUG pygeohash.pygeohash.neighbor Found adjacent geohash: sv8wz
2026-05-20 03:33:36,046 DEBUG pygeohash.pygeohash.neighbor Finding adjacent geohash for sv8wx in direction bottom
2026-05-20 03:33:36,046 DEBUG pygeohash.pygeohash.neighbor Processing: base=sv8w, last_char=x
2026-05-20 03:33:36,047 DEBUG pygeohash.pygeohash.neighbor Using odd lookup tables based on hash length
2026-05-20 03:33:36,047 DEBUG pygeohash.pygeohash.neighbor Last character x is not on border, using direct neighbor lookup
2026-05-20 03:33:36,047 DEBUG pygeohash.pygeohash.neighbor Found adjacent geohash: sv8wr
2026-05-20 03:33:36,048 DEBUG pygeohash.pygeohash.neighbor Finding adjacent geohash for sv8wz in direction right
2026-05-20 03:33:36,048 DEBUG pygeohash.pygeohash.neighbor Processing: base=sv8w, last_char=z
2026-05-20 03:33:36,049 DEBUG pygeohash.pygeohash.neighbor Using odd lookup tables based on hash length
2026-05-20 03:33:36,050 DEBUG pygeohash.pygeohash.neighbor Last character z is on border, recursively finding parent neighbor
2026-05-20 03:33:36,050 DEBUG pygeohash.pygeohash.neighbor Finding adjacent geohash for sv8w in direction right
2026-05-20 03:33:36,050 DEBUG pygeohash.pygeohash.neighbor Processing: base=sv8, last_char=w
2026-05-20 03:33:36,051 DEBUG pygeohash.pygeohash.neighbor Using even lookup tables based on hash length
2026-05-20 03:33:36,052 DEBUG pygeohash.pygeohash.neighbor Last character w is not on border, using direct neighbor lookup
2026-05-20 03:33:36,052 DEBUG pygeohash.pygeohash.neighbor Found adjacent geohash: sv8y
2026-05-20 03:33:36,054 DEBUG pygeohash.pygeohash.neighbor Found adjacent geohash: sv8yb
2026-05-20 03:33:36,054 DEBUG pygeohash.pygeohash.neighbor Finding adjacent geohash for sv8wz in direction left
2026-05-20 03:33:36,056 DEBUG pygeohash.pygeohash.neighbor Processing: base=sv8w, last_char=z
2026-05-20 03:33:36,056 DEBUG pygeohash.pygeohash.neighbor Using odd lookup tables based on hash length
2026-05-20 03:33:36,057 DEBUG pygeohash.pygeohash.neighbor Last character z is not on border, using direct neighbor lookup
2026-05-20 03:33:36,057 DEBUG pygeohash.pygeohash.neighbor Found adjacent geohash: sv8wy
2026-05-20 03:33:36,057 DEBUG pygeohash.pygeohash.neighbor Finding adjacent geohash for sv8wr in direction right
2026-05-20 03:33:36,058 DEBUG pygeohash.pygeohash.neighbor Processing: base=sv8w, last_char=r
2026-05-20 03:33:36,058 DEBUG pygeohash.pygeohash.neighbor Using odd lookup tables based on hash length
2026-05-20 03:33:36,058 DEBUG pygeohash.pygeohash.neighbor Last character r is on border, recursively finding parent neighbor
2026-05-20 03:33:36,058 DEBUG pygeohash.pygeohash.neighbor Finding adjacent geohash for sv8w in direction right
2026-05-20 03:33:36,059 DEBUG pygeohash.pygeohash.neighbor Processing: base=sv8, last_char=w
2026-05-20 03:33:36,059 DEBUG pygeohash.pygeohash.neighbor Using even lookup tables based on hash length
2026-05-20 03:33:36,059 DEBUG pygeohash.pygeohash.neighbor Last character w is not on border, using direct neighbor lookup
2026-05-20 03:33:36,060 DEBUG pygeohash.pygeohash.neighbor Found adjacent geohash: sv8y
2026-05-20 03:33:36,061 DEBUG pygeohash.pygeohash.neighbor Found adjacent geohash: sv8y2
2026-05-20 03:33:36,061 DEBUG pygeohash.pygeohash.neighbor Finding adjacent geohash for sv8wr in direction left
2026-05-20 03:33:36,062 DEBUG pygeohash.pygeohash.neighbor Processing: base=sv8w, last_char=r
2026-05-20 03:33:36,066 DEBUG pygeohash.pygeohash.neighbor Using odd lookup tables based on hash length
2026-05-20 03:33:36,066 DEBUG pygeohash.pygeohash.neighbor Last character r is not on border, using direct neighbor lookup
2026-05-20 03:33:36,067 DEBUG pygeohash.pygeohash.neighbor Found adjacent geohash: sv8wq
2026-05-20 03:33:36,068 DEBUG src.simulator Found 1 candidate drivers near geohash sv8wx (required_vehicle=private)
2026-05-20 03:33:36,068 INFO src.simulator Assigned ride r5_wait_then_assign to driver d_private at timestamp 2025-01-01T08:06:40Z
2026-05-20 03:33:36,069 DEBUG pygeohash.pygeohash.geohash Encoding coordinates: lat=32.115300, lon=34.781800 with precision 5
2026-05-20 03:33:36,070 DEBUG pygeohash.pygeohash.geohash Encoded to geohash: sv8wx
2026-05-20 03:33:36,072 DEBUG src.simulator Pickup travel: ride=r5_wait_then_assign driver=d_private minutes=6.54
2026-05-20 03:33:36,072 INFO src.simulator Simulation finished: 3 assigned, 2 unassigned
2026-05-20 03:33:36,076 INFO __main__ Simulation complete. Results written to output/manual_walkthrough_results.json
